========================================================================
ANÁLISE DE DIVERGĘNCIA ESTRATÉGICA
========================================================================
Modelo:        C:\desenvolvimento\apps_backup_260429\arena-sagaz\arena-sagaz-backend\modelos\pontinhos_pequeno_profundidade_9.tflite
Tamanho:       pequeno
Adversários:   ['p=3', 'p=5', 'p=6']
Oráculo:       ADAPTATIVO: livres >=26 -> p=5 | 18-25 -> p=7 | <=17 -> p=9
Partidas/prof: 200
Workers:       12
Retratos PNG:  C:\desenvolvimento\apps_backup_260429\arena-sagaz\arena-sagaz-backend\tmp_analise\retratos_divergencia

Checkpoints:   C:\desenvolvimento\apps_backup_260429\arena-sagaz\arena-sagaz-backend\tmp_analise\checkpoints_divergencia

--- [1/3] Coletando Minimax(p=3) (200 partidas) ---
C:\Users\c092820\AppData\Roaming\Python\Python39\site-packages\tensorflow\lite\python\interpreter.py:457: UserWarning:     Warning: tf.lite.Interpreter is deprecated and is scheduled for deletion in
    TF 2.20. Please use the LiteRT interpreter from the ai_edge_litert package.
    See the [migration guide](https://ai.google.dev/edge/litert/migration)
    for details.
    
  warnings.warn(_INTERPRETER_DELETION_WARNING)
C:\Users\c092820\AppData\Roaming\Python\Python39\site-packages\tensorflow\lite\python\interpreter.py:457: UserWarning:     Warning: tf.lite.Interpreter is deprecated and is scheduled for deletion in
    TF 2.20. Please use the LiteRT interpreter from the ai_edge_litert package.
    See the [migration guide](https://ai.google.dev/edge/litert/migration)
    for details.
    
  warnings.warn(_INTERPRETER_DELETION_WARNING)
INFO: Created TensorFlow Lite XNNPACK delegate for CPU.
INFO: Created TensorFlow Lite XNNPACK delegate for CPU.
C:\Users\c092820\AppData\Roaming\Python\Python39\site-packages\tensorflow\lite\python\interpreter.py:457: UserWarning:     Warning: tf.lite.Interpreter is deprecated and is scheduled for deletion in
    TF 2.20. Please use the LiteRT interpreter from the ai_edge_litert package.
    See the [migration guide](https://ai.google.dev/edge/litert/migration)
    for details.
    
  warnings.warn(_INTERPRETER_DELETION_WARNING)
INFO: Created TensorFlow Lite XNNPACK delegate for CPU.
C:\Users\c092820\AppData\Roaming\Python\Python39\site-packages\tensorflow\lite\python\interpreter.py:457: UserWarning:     Warning: tf.lite.Interpreter is deprecated and is scheduled for deletion in
    TF 2.20. Please use the LiteRT interpreter from the ai_edge_litert package.
    See the [migration guide](https://ai.google.dev/edge/litert/migration)
    for details.
    
  warnings.warn(_INTERPRETER_DELETION_WARNING)
INFO: Created TensorFlow Lite XNNPACK delegate for CPU.
C:\Users\c092820\AppData\Roaming\Python\Python39\site-packages\tensorflow\lite\python\interpreter.py:457: UserWarning:     Warning: tf.lite.Interpreter is deprecated and is scheduled for deletion in
    TF 2.20. Please use the LiteRT interpreter from the ai_edge_litert package.
    See the [migration guide](https://ai.google.dev/edge/litert/migration)
    for details.
    
  warnings.warn(_INTERPRETER_DELETION_WARNING)
INFO: Created TensorFlow Lite XNNPACK delegate for CPU.
C:\Users\c092820\AppData\Roaming\Python\Python39\site-packages\tensorflow\lite\python\interpreter.py:457: UserWarning:     Warning: tf.lite.Interpreter is deprecated and is scheduled for deletion in
    TF 2.20. Please use the LiteRT interpreter from the ai_edge_litert package.
    See the [migration guide](https://ai.google.dev/edge/litert/migration)
    for details.
    
  warnings.warn(_INTERPRETER_DELETION_WARNING)
INFO: Created TensorFlow Lite XNNPACK delegate for CPU.
C:\Users\c092820\AppData\Roaming\Python\Python39\site-packages\tensorflow\lite\python\interpreter.py:457: UserWarning:     Warning: tf.lite.Interpreter is deprecated and is scheduled for deletion in
    TF 2.20. Please use the LiteRT interpreter from the ai_edge_litert package.
    See the [migration guide](https://ai.google.dev/edge/litert/migration)
    for details.
    
  warnings.warn(_INTERPRETER_DELETION_WARNING)
INFO: Created TensorFlow Lite XNNPACK delegate for CPU.
C:\Users\c092820\AppData\Roaming\Python\Python39\site-packages\tensorflow\lite\python\interpreter.py:457: UserWarning:     Warning: tf.lite.Interpreter is deprecated and is scheduled for deletion in
    TF 2.20. Please use the LiteRT interpreter from the ai_edge_litert package.
    See the [migration guide](https://ai.google.dev/edge/litert/migration)
    for details.
    
  warnings.warn(_INTERPRETER_DELETION_WARNING)
INFO: Created TensorFlow Lite XNNPACK delegate for CPU.
C:\Users\c092820\AppData\Roaming\Python\Python39\site-packages\tensorflow\lite\python\interpreter.py:457: UserWarning:     Warning: tf.lite.Interpreter is deprecated and is scheduled for deletion in
    TF 2.20. Please use the LiteRT interpreter from the ai_edge_litert package.
    See the [migration guide](https://ai.google.dev/edge/litert/migration)
    for details.
    
  warnings.warn(_INTERPRETER_DELETION_WARNING)
INFO: Created TensorFlow Lite XNNPACK delegate for CPU.
C:\Users\c092820\AppData\Roaming\Python\Python39\site-packages\tensorflow\lite\python\interpreter.py:457: UserWarning:     Warning: tf.lite.Interpreter is deprecated and is scheduled for deletion in
    TF 2.20. Please use the LiteRT interpreter from the ai_edge_litert package.
    See the [migration guide](https://ai.google.dev/edge/litert/migration)
    for details.
    
  warnings.warn(_INTERPRETER_DELETION_WARNING)
INFO: Created TensorFlow Lite XNNPACK delegate for CPU.
C:\Users\c092820\AppData\Roaming\Python\Python39\site-packages\tensorflow\lite\python\interpreter.py:457: UserWarning:     Warning: tf.lite.Interpreter is deprecated and is scheduled for deletion in
    TF 2.20. Please use the LiteRT interpreter from the ai_edge_litert package.
    See the [migration guide](https://ai.google.dev/edge/litert/migration)
    for details.
    
  warnings.warn(_INTERPRETER_DELETION_WARNING)
INFO: Created TensorFlow Lite XNNPACK delegate for CPU.
C:\Users\c092820\AppData\Roaming\Python\Python39\site-packages\tensorflow\lite\python\interpreter.py:457: UserWarning:     Warning: tf.lite.Interpreter is deprecated and is scheduled for deletion in
    TF 2.20. Please use the LiteRT interpreter from the ai_edge_litert package.
    See the [migration guide](https://ai.google.dev/edge/litert/migration)
    for details.
    
  warnings.warn(_INTERPRETER_DELETION_WARNING)
INFO: Created TensorFlow Lite XNNPACK delegate for CPU.
  [Minimax(p=3)]   1/200 (  0.5%)  decorrido    150s  ritmo 150.2s/partida  ETA 498.2min
  [Minimax(p=3)]   2/200 (  1.0%)  decorrido    159s  ritmo  79.7s/partida  ETA 262.9min
  [Minimax(p=3)]   3/200 (  1.5%)  decorrido    170s  ritmo  56.6s/partida  ETA 185.8min
  [Minimax(p=3)]   4/200 (  2.0%)  decorrido    173s  ritmo  43.3s/partida  ETA 141.4min
  [Minimax(p=3)]   5/200 (  2.5%)  decorrido    176s  ritmo  35.1s/partida  ETA 114.2min
  [Minimax(p=3)]   6/200 (  3.0%)  decorrido    187s  ritmo  31.1s/partida  ETA 100.5min
  [Minimax(p=3)]   7/200 (  3.5%)  decorrido    194s  ritmo  27.8s/partida  ETA  89.3min
  [Minimax(p=3)]   8/200 (  4.0%)  decorrido    198s  ritmo  24.7s/partida  ETA  79.1min
  [Minimax(p=3)]   9/200 (  4.5%)  decorrido    219s  ritmo  24.4s/partida  ETA  77.6min
  [Minimax(p=3)]  10/200 (  5.0%)  decorrido    222s  ritmo  22.2s/partida  ETA  70.4min
  [Minimax(p=3)]  11/200 (  5.5%)  decorrido    223s  ritmo  20.3s/partida  ETA  63.8min
  [Minimax(p=3)]  12/200 (  6.0%)  decorrido    229s  ritmo  19.1s/partida  ETA  59.7min
  [Minimax(p=3)]  13/200 (  6.5%)  decorrido    338s  ritmo  26.0s/partida  ETA  81.1min
  [Minimax(p=3)]  14/200 (  7.0%)  decorrido    356s  ritmo  25.4s/partida  ETA  78.9min
  [Minimax(p=3)]  15/200 (  7.5%)  decorrido    359s  ritmo  23.9s/partida  ETA  73.7min
  [Minimax(p=3)]  16/200 (  8.0%)  decorrido    360s  ritmo  22.5s/partida  ETA  69.0min
  [Minimax(p=3)]  17/200 (  8.5%)  decorrido    389s  ritmo  22.9s/partida  ETA  69.7min
  [Minimax(p=3)]  18/200 (  9.0%)  decorrido    395s  ritmo  21.9s/partida  ETA  66.6min
  [Minimax(p=3)]  19/200 (  9.5%)  decorrido    395s  ritmo  20.8s/partida  ETA  62.8min
  [Minimax(p=3)]  20/200 ( 10.0%)  decorrido    404s  ritmo  20.2s/partida  ETA  60.6min
  [Minimax(p=3)]  21/200 ( 10.5%)  decorrido    408s  ritmo  19.4s/partida  ETA  58.0min
  [Minimax(p=3)]  22/200 ( 11.0%)  decorrido    409s  ritmo  18.6s/partida  ETA  55.2min
  [Minimax(p=3)]  23/200 ( 11.5%)  decorrido    429s  ritmo  18.7s/partida  ETA  55.0min
  [Minimax(p=3)]  24/200 ( 12.0%)  decorrido    431s  ritmo  18.0s/partida  ETA  52.7min
  [Minimax(p=3)]  25/200 ( 12.5%)  decorrido    482s  ritmo  19.3s/partida  ETA  56.2min
  [Minimax(p=3)]  26/200 ( 13.0%)  decorrido    543s  ritmo  20.9s/partida  ETA  60.6min
  [Minimax(p=3)]  27/200 ( 13.5%)  decorrido    566s  ritmo  21.0s/partida  ETA  60.4min
  [Minimax(p=3)]  28/200 ( 14.0%)  decorrido    571s  ritmo  20.4s/partida  ETA  58.4min
  [Minimax(p=3)]  29/200 ( 14.5%)  decorrido    575s  ritmo  19.8s/partida  ETA  56.5min
  [Minimax(p=3)]  30/200 ( 15.0%)  decorrido    588s  ritmo  19.6s/partida  ETA  55.5min
  [Minimax(p=3)]  31/200 ( 15.5%)  decorrido    595s  ritmo  19.2s/partida  ETA  54.1min
  [Minimax(p=3)]  32/200 ( 16.0%)  decorrido    617s  ritmo  19.3s/partida  ETA  54.0min
  [Minimax(p=3)]  33/200 ( 16.5%)  decorrido    619s  ritmo  18.8s/partida  ETA  52.2min
  [Minimax(p=3)]  34/200 ( 17.0%)  decorrido    622s  ritmo  18.3s/partida  ETA  50.6min
  [Minimax(p=3)]  35/200 ( 17.5%)  decorrido    649s  ritmo  18.5s/partida  ETA  51.0min
  [Minimax(p=3)]  36/200 ( 18.0%)  decorrido    657s  ritmo  18.2s/partida  ETA  49.8min
  [Minimax(p=3)]  37/200 ( 18.5%)  decorrido    663s  ritmo  17.9s/partida  ETA  48.7min
  [Minimax(p=3)]  38/200 ( 19.0%)  decorrido    713s  ritmo  18.8s/partida  ETA  50.6min
  [Minimax(p=3)]  39/200 ( 19.5%)  decorrido    720s  ritmo  18.4s/partida  ETA  49.5min
  [Minimax(p=3)]  40/200 ( 20.0%)  decorrido    723s  ritmo  18.1s/partida  ETA  48.2min
  [Minimax(p=3)]  41/200 ( 20.5%)  decorrido    748s  ritmo  18.3s/partida  ETA  48.4min
  [Minimax(p=3)]  42/200 ( 21.0%)  decorrido    762s  ritmo  18.1s/partida  ETA  47.8min
  [Minimax(p=3)]  43/200 ( 21.5%)  decorrido    767s  ritmo  17.8s/partida  ETA  46.7min
  [Minimax(p=3)]  44/200 ( 22.0%)  decorrido    781s  ritmo  17.8s/partida  ETA  46.2min
  [Minimax(p=3)]  45/200 ( 22.5%)  decorrido    806s  ritmo  17.9s/partida  ETA  46.3min
  [Minimax(p=3)]  46/200 ( 23.0%)  decorrido    806s  ritmo  17.5s/partida  ETA  45.0min
  [Minimax(p=3)]  47/200 ( 23.5%)  decorrido    820s  ritmo  17.5s/partida  ETA  44.5min
  [Minimax(p=3)]  48/200 ( 24.0%)  decorrido    857s  ritmo  17.9s/partida  ETA  45.2min
  [Minimax(p=3)]  49/200 ( 24.5%)  decorrido    859s  ritmo  17.5s/partida  ETA  44.1min
  [Minimax(p=3)]  50/200 ( 25.0%)  decorrido    899s  ritmo  18.0s/partida  ETA  44.9min
  [Minimax(p=3)]  51/200 ( 25.5%)  decorrido    906s  ritmo  17.8s/partida  ETA  44.1min
  [Minimax(p=3)]  52/200 ( 26.0%)  decorrido    906s  ritmo  17.4s/partida  ETA  43.0min
  [Minimax(p=3)]  53/200 ( 26.5%)  decorrido    907s  ritmo  17.1s/partida  ETA  41.9min
  [Minimax(p=3)]  54/200 ( 27.0%)  decorrido    919s  ritmo  17.0s/partida  ETA  41.4min
  [Minimax(p=3)]  55/200 ( 27.5%)  decorrido    931s  ritmo  16.9s/partida  ETA  40.9min
  [Minimax(p=3)]  56/200 ( 28.0%)  decorrido    931s  ritmo  16.6s/partida  ETA  39.9min
  [Minimax(p=3)]  57/200 ( 28.5%)  decorrido    935s  ritmo  16.4s/partida  ETA  39.1min
  [Minimax(p=3)]  58/200 ( 29.0%)  decorrido    979s  ritmo  16.9s/partida  ETA  40.0min
  [Minimax(p=3)]  59/200 ( 29.5%)  decorrido    983s  ritmo  16.7s/partida  ETA  39.2min
  [Minimax(p=3)]  60/200 ( 30.0%)  decorrido   1000s  ritmo  16.7s/partida  ETA  38.9min
  [Minimax(p=3)]  61/200 ( 30.5%)  decorrido   1009s  ritmo  16.5s/partida  ETA  38.3min
  [Minimax(p=3)]  62/200 ( 31.0%)  decorrido   1030s  ritmo  16.6s/partida  ETA  38.2min
  [Minimax(p=3)]  63/200 ( 31.5%)  decorrido   1036s  ritmo  16.5s/partida  ETA  37.6min
  [Minimax(p=3)]  64/200 ( 32.0%)  decorrido   1054s  ritmo  16.5s/partida  ETA  37.3min
  [Minimax(p=3)]  65/200 ( 32.5%)  decorrido   1069s  ritmo  16.4s/partida  ETA  37.0min
  [Minimax(p=3)]  66/200 ( 33.0%)  decorrido   1085s  ritmo  16.4s/partida  ETA  36.7min
  [Minimax(p=3)]  67/200 ( 33.5%)  decorrido   1099s  ritmo  16.4s/partida  ETA  36.4min
  [Minimax(p=3)]  68/200 ( 34.0%)  decorrido   1118s  ritmo  16.4s/partida  ETA  36.2min
  [Minimax(p=3)]  69/200 ( 34.5%)  decorrido   1145s  ritmo  16.6s/partida  ETA  36.2min
  [Minimax(p=3)]  70/200 ( 35.0%)  decorrido   1147s  ritmo  16.4s/partida  ETA  35.5min
  [Minimax(p=3)]  71/200 ( 35.5%)  decorrido   1157s  ritmo  16.3s/partida  ETA  35.0min
  [Minimax(p=3)]  72/200 ( 36.0%)  decorrido   1179s  ritmo  16.4s/partida  ETA  34.9min
  [Minimax(p=3)]  73/200 ( 36.5%)  decorrido   1198s  ritmo  16.4s/partida  ETA  34.7min
  [Minimax(p=3)]  74/200 ( 37.0%)  decorrido   1198s  ritmo  16.2s/partida  ETA  34.0min
  [Minimax(p=3)]  75/200 ( 37.5%)  decorrido   1240s  ritmo  16.5s/partida  ETA  34.4min
  [Minimax(p=3)]  76/200 ( 38.0%)  decorrido   1255s  ritmo  16.5s/partida  ETA  34.1min
  [Minimax(p=3)]  77/200 ( 38.5%)  decorrido   1262s  ritmo  16.4s/partida  ETA  33.6min
  [Minimax(p=3)]  78/200 ( 39.0%)  decorrido   1266s  ritmo  16.2s/partida  ETA  33.0min
  [Minimax(p=3)]  79/200 ( 39.5%)  decorrido   1278s  ritmo  16.2s/partida  ETA  32.6min
  [Minimax(p=3)]  80/200 ( 40.0%)  decorrido   1334s  ritmo  16.7s/partida  ETA  33.4min
  [Minimax(p=3)]  81/200 ( 40.5%)  decorrido   1356s  ritmo  16.7s/partida  ETA  33.2min
  [Minimax(p=3)]  82/200 ( 41.0%)  decorrido   1366s  ritmo  16.7s/partida  ETA  32.8min
  [Minimax(p=3)]  83/200 ( 41.5%)  decorrido   1367s  ritmo  16.5s/partida  ETA  32.1min
  [Minimax(p=3)]  84/200 ( 42.0%)  decorrido   1384s  ritmo  16.5s/partida  ETA  31.9min
  [Minimax(p=3)]  85/200 ( 42.5%)  decorrido   1399s  ritmo  16.5s/partida  ETA  31.6min
  [Minimax(p=3)]  86/200 ( 43.0%)  decorrido   1412s  ritmo  16.4s/partida  ETA  31.2min
  [Minimax(p=3)]  87/200 ( 43.5%)  decorrido   1413s  ritmo  16.2s/partida  ETA  30.6min
  [Minimax(p=3)]  88/200 ( 44.0%)  decorrido   1420s  ritmo  16.1s/partida  ETA  30.1min
  [Minimax(p=3)]  89/200 ( 44.5%)  decorrido   1457s  ritmo  16.4s/partida  ETA  30.3min
  [Minimax(p=3)]  90/200 ( 45.0%)  decorrido   1478s  ritmo  16.4s/partida  ETA  30.1min
  [Minimax(p=3)]  91/200 ( 45.5%)  decorrido   1498s  ritmo  16.5s/partida  ETA  29.9min
  [Minimax(p=3)]  92/200 ( 46.0%)  decorrido   1513s  ritmo  16.5s/partida  ETA  29.6min
  [Minimax(p=3)]  93/200 ( 46.5%)  decorrido   1514s  ritmo  16.3s/partida  ETA  29.0min
  [Minimax(p=3)]  94/200 ( 47.0%)  decorrido   1541s  ritmo  16.4s/partida  ETA  29.0min
  [Minimax(p=3)]  95/200 ( 47.5%)  decorrido   1550s  ritmo  16.3s/partida  ETA  28.5min
  [Minimax(p=3)]  96/200 ( 48.0%)  decorrido   1550s  ritmo  16.1s/partida  ETA  28.0min
  [Minimax(p=3)]  97/200 ( 48.5%)  decorrido   1603s  ritmo  16.5s/partida  ETA  28.4min
  [Minimax(p=3)]  98/200 ( 49.0%)  decorrido   1605s  ritmo  16.4s/partida  ETA  27.8min
  [Minimax(p=3)]  99/200 ( 49.5%)  decorrido   1619s  ritmo  16.3s/partida  ETA  27.5min
  [Minimax(p=3)] 100/200 ( 50.0%)  decorrido   1639s  ritmo  16.4s/partida  ETA  27.3min
  [Minimax(p=3)] 101/200 ( 50.5%)  decorrido   1643s  ritmo  16.3s/partida  ETA  26.8min
  [Minimax(p=3)] 102/200 ( 51.0%)  decorrido   1644s  ritmo  16.1s/partida  ETA  26.3min
  [Minimax(p=3)] 103/200 ( 51.5%)  decorrido   1657s  ritmo  16.1s/partida  ETA  26.0min
  [Minimax(p=3)] 104/200 ( 52.0%)  decorrido   1667s  ritmo  16.0s/partida  ETA  25.7min
  [Minimax(p=3)] 105/200 ( 52.5%)  decorrido   1674s  ritmo  15.9s/partida  ETA  25.2min
  [Minimax(p=3)] 106/200 ( 53.0%)  decorrido   1683s  ritmo  15.9s/partida  ETA  24.9min
  [Minimax(p=3)] 107/200 ( 53.5%)  decorrido   1706s  ritmo  15.9s/partida  ETA  24.7min
  [Minimax(p=3)] 108/200 ( 54.0%)  decorrido   1706s  ritmo  15.8s/partida  ETA  24.2min
  [Minimax(p=3)] 109/200 ( 54.5%)  decorrido   1725s  ritmo  15.8s/partida  ETA  24.0min
  [Minimax(p=3)] 110/200 ( 55.0%)  decorrido   1738s  ritmo  15.8s/partida  ETA  23.7min
  [Minimax(p=3)] 111/200 ( 55.5%)  decorrido   1767s  ritmo  15.9s/partida  ETA  23.6min
  [Minimax(p=3)] 112/200 ( 56.0%)  decorrido   1794s  ritmo  16.0s/partida  ETA  23.5min
  [Minimax(p=3)] 113/200 ( 56.5%)  decorrido   1803s  ritmo  16.0s/partida  ETA  23.1min
  [Minimax(p=3)] 114/200 ( 57.0%)  decorrido   1811s  ritmo  15.9s/partida  ETA  22.8min
  [Minimax(p=3)] 115/200 ( 57.5%)  decorrido   1814s  ritmo  15.8s/partida  ETA  22.3min
  [Minimax(p=3)] 116/200 ( 58.0%)  decorrido   1814s  ritmo  15.6s/partida  ETA  21.9min
  [Minimax(p=3)] 117/200 ( 58.5%)  decorrido   1833s  ritmo  15.7s/partida  ETA  21.7min
  [Minimax(p=3)] 118/200 ( 59.0%)  decorrido   1833s  ritmo  15.5s/partida  ETA  21.2min
  [Minimax(p=3)] 119/200 ( 59.5%)  decorrido   1851s  ritmo  15.6s/partida  ETA  21.0min
  [Minimax(p=3)] 120/200 ( 60.0%)  decorrido   1861s  ritmo  15.5s/partida  ETA  20.7min
  [Minimax(p=3)] 121/200 ( 60.5%)  decorrido   1869s  ritmo  15.4s/partida  ETA  20.3min
  [Minimax(p=3)] 122/200 ( 61.0%)  decorrido   1885s  ritmo  15.5s/partida  ETA  20.1min
  [Minimax(p=3)] 123/200 ( 61.5%)  decorrido   1902s  ritmo  15.5s/partida  ETA  19.8min
  [Minimax(p=3)] 124/200 ( 62.0%)  decorrido   1938s  ritmo  15.6s/partida  ETA  19.8min
  [Minimax(p=3)] 125/200 ( 62.5%)  decorrido   1942s  ritmo  15.5s/partida  ETA  19.4min
  [Minimax(p=3)] 126/200 ( 63.0%)  decorrido   1946s  ritmo  15.4s/partida  ETA  19.1min
  [Minimax(p=3)] 127/200 ( 63.5%)  decorrido   1955s  ritmo  15.4s/partida  ETA  18.7min
  [Minimax(p=3)] 128/200 ( 64.0%)  decorrido   1964s  ritmo  15.3s/partida  ETA  18.4min
  [Minimax(p=3)] 129/200 ( 64.5%)  decorrido   1965s  ritmo  15.2s/partida  ETA  18.0min
  [Minimax(p=3)] 130/200 ( 65.0%)  decorrido   1968s  ritmo  15.1s/partida  ETA  17.7min
  [Minimax(p=3)] 131/200 ( 65.5%)  decorrido   1971s  ritmo  15.0s/partida  ETA  17.3min
  [Minimax(p=3)] 132/200 ( 66.0%)  decorrido   1990s  ritmo  15.1s/partida  ETA  17.1min
  [Minimax(p=3)] 133/200 ( 66.5%)  decorrido   2011s  ritmo  15.1s/partida  ETA  16.9min
  [Minimax(p=3)] 134/200 ( 67.0%)  decorrido   2019s  ritmo  15.1s/partida  ETA  16.6min
  [Minimax(p=3)] 135/200 ( 67.5%)  decorrido   2030s  ritmo  15.0s/partida  ETA  16.3min
  [Minimax(p=3)] 136/200 ( 68.0%)  decorrido   2060s  ritmo  15.1s/partida  ETA  16.2min
  [Minimax(p=3)] 137/200 ( 68.5%)  decorrido   2076s  ritmo  15.2s/partida  ETA  15.9min
  [Minimax(p=3)] 138/200 ( 69.0%)  decorrido   2094s  ritmo  15.2s/partida  ETA  15.7min
  [Minimax(p=3)] 139/200 ( 69.5%)  decorrido   2102s  ritmo  15.1s/partida  ETA  15.4min
  [Minimax(p=3)] 140/200 ( 70.0%)  decorrido   2107s  ritmo  15.0s/partida  ETA  15.0min
  [Minimax(p=3)] 141/200 ( 70.5%)  decorrido   2111s  ritmo  15.0s/partida  ETA  14.7min
  [Minimax(p=3)] 142/200 ( 71.0%)  decorrido   2117s  ritmo  14.9s/partida  ETA  14.4min
  [Minimax(p=3)] 143/200 ( 71.5%)  decorrido   2126s  ritmo  14.9s/partida  ETA  14.1min
  [Minimax(p=3)] 144/200 ( 72.0%)  decorrido   2129s  ritmo  14.8s/partida  ETA  13.8min
  [Minimax(p=3)] 145/200 ( 72.5%)  decorrido   2137s  ritmo  14.7s/partida  ETA  13.5min
  [Minimax(p=3)] 146/200 ( 73.0%)  decorrido   2140s  ritmo  14.7s/partida  ETA  13.2min
  [Minimax(p=3)] 147/200 ( 73.5%)  decorrido   2145s  ritmo  14.6s/partida  ETA  12.9min
  [Minimax(p=3)] 148/200 ( 74.0%)  decorrido   2212s  ritmo  14.9s/partida  ETA  13.0min
  [Minimax(p=3)] 149/200 ( 74.5%)  decorrido   2215s  ritmo  14.9s/partida  ETA  12.6min
  [Minimax(p=3)] 150/200 ( 75.0%)  decorrido   2223s  ritmo  14.8s/partida  ETA  12.3min
  [Minimax(p=3)] 151/200 ( 75.5%)  decorrido   2232s  ritmo  14.8s/partida  ETA  12.1min
  [Minimax(p=3)] 152/200 ( 76.0%)  decorrido   2240s  ritmo  14.7s/partida  ETA  11.8min
  [Minimax(p=3)] 153/200 ( 76.5%)  decorrido   2241s  ritmo  14.6s/partida  ETA  11.5min
  [Minimax(p=3)] 154/200 ( 77.0%)  decorrido   2242s  ritmo  14.6s/partida  ETA  11.2min
  [Minimax(p=3)] 155/200 ( 77.5%)  decorrido   2255s  ritmo  14.5s/partida  ETA  10.9min
  [Minimax(p=3)] 156/200 ( 78.0%)  decorrido   2261s  ritmo  14.5s/partida  ETA  10.6min
  [Minimax(p=3)] 157/200 ( 78.5%)  decorrido   2266s  ritmo  14.4s/partida  ETA  10.3min
  [Minimax(p=3)] 158/200 ( 79.0%)  decorrido   2271s  ritmo  14.4s/partida  ETA  10.1min
  [Minimax(p=3)] 159/200 ( 79.5%)  decorrido   2313s  ritmo  14.5s/partida  ETA   9.9min
  [Minimax(p=3)] 160/200 ( 80.0%)  decorrido   2338s  ritmo  14.6s/partida  ETA   9.7min
  [Minimax(p=3)] 161/200 ( 80.5%)  decorrido   2348s  ritmo  14.6s/partida  ETA   9.5min
  [Minimax(p=3)] 162/200 ( 81.0%)  decorrido   2362s  ritmo  14.6s/partida  ETA   9.2min
  [Minimax(p=3)] 163/200 ( 81.5%)  decorrido   2370s  ritmo  14.5s/partida  ETA   9.0min
  [Minimax(p=3)] 164/200 ( 82.0%)  decorrido   2378s  ritmo  14.5s/partida  ETA   8.7min
  [Minimax(p=3)] 165/200 ( 82.5%)  decorrido   2387s  ritmo  14.5s/partida  ETA   8.4min
  [Minimax(p=3)] 166/200 ( 83.0%)  decorrido   2389s  ritmo  14.4s/partida  ETA   8.2min
  [Minimax(p=3)] 167/200 ( 83.5%)  decorrido   2389s  ritmo  14.3s/partida  ETA   7.9min
  [Minimax(p=3)] 168/200 ( 84.0%)  decorrido   2408s  ritmo  14.3s/partida  ETA   7.6min
  [Minimax(p=3)] 169/200 ( 84.5%)  decorrido   2423s  ritmo  14.3s/partida  ETA   7.4min
  [Minimax(p=3)] 170/200 ( 85.0%)  decorrido   2437s  ritmo  14.3s/partida  ETA   7.2min
  [Minimax(p=3)] 171/200 ( 85.5%)  decorrido   2437s  ritmo  14.3s/partida  ETA   6.9min
  [Minimax(p=3)] 172/200 ( 86.0%)  decorrido   2451s  ritmo  14.3s/partida  ETA   6.7min
  [Minimax(p=3)] 173/200 ( 86.5%)  decorrido   2478s  ritmo  14.3s/partida  ETA   6.4min
  [Minimax(p=3)] 174/200 ( 87.0%)  decorrido   2486s  ritmo  14.3s/partida  ETA   6.2min
  [Minimax(p=3)] 175/200 ( 87.5%)  decorrido   2502s  ritmo  14.3s/partida  ETA   6.0min
  [Minimax(p=3)] 176/200 ( 88.0%)  decorrido   2504s  ritmo  14.2s/partida  ETA   5.7min
  [Minimax(p=3)] 177/200 ( 88.5%)  decorrido   2509s  ritmo  14.2s/partida  ETA   5.4min
  [Minimax(p=3)] 178/200 ( 89.0%)  decorrido   2520s  ritmo  14.2s/partida  ETA   5.2min
  [Minimax(p=3)] 179/200 ( 89.5%)  decorrido   2533s  ritmo  14.1s/partida  ETA   5.0min
  [Minimax(p=3)] 180/200 ( 90.0%)  decorrido   2545s  ritmo  14.1s/partida  ETA   4.7min
  [Minimax(p=3)] 181/200 ( 90.5%)  decorrido   2546s  ritmo  14.1s/partida  ETA   4.5min
  [Minimax(p=3)] 182/200 ( 91.0%)  decorrido   2556s  ritmo  14.0s/partida  ETA   4.2min
  [Minimax(p=3)] 183/200 ( 91.5%)  decorrido   2606s  ritmo  14.2s/partida  ETA   4.0min
  [Minimax(p=3)] 184/200 ( 92.0%)  decorrido   2611s  ritmo  14.2s/partida  ETA   3.8min
  [Minimax(p=3)] 185/200 ( 92.5%)  decorrido   2611s  ritmo  14.1s/partida  ETA   3.5min
  [Minimax(p=3)] 186/200 ( 93.0%)  decorrido   2617s  ritmo  14.1s/partida  ETA   3.3min
  [Minimax(p=3)] 187/200 ( 93.5%)  decorrido   2625s  ritmo  14.0s/partida  ETA   3.0min
  [Minimax(p=3)] 188/200 ( 94.0%)  decorrido   2649s  ritmo  14.1s/partida  ETA   2.8min
  [Minimax(p=3)] 189/200 ( 94.5%)  decorrido   2656s  ritmo  14.1s/partida  ETA   2.6min
  [Minimax(p=3)] 190/200 ( 95.0%)  decorrido   2657s  ritmo  14.0s/partida  ETA   2.3min
  [Minimax(p=3)] 191/200 ( 95.5%)  decorrido   2658s  ritmo  13.9s/partida  ETA   2.1min
  [Minimax(p=3)] 192/200 ( 96.0%)  decorrido   2674s  ritmo  13.9s/partida  ETA   1.9min
  [Minimax(p=3)] 193/200 ( 96.5%)  decorrido   2680s  ritmo  13.9s/partida  ETA   1.6min
  [Minimax(p=3)] 194/200 ( 97.0%)  decorrido   2683s  ritmo  13.8s/partida  ETA   1.4min
  [Minimax(p=3)] 195/200 ( 97.5%)  decorrido   2694s  ritmo  13.8s/partida  ETA   1.2min
  [Minimax(p=3)] 196/200 ( 98.0%)  decorrido   2722s  ritmo  13.9s/partida  ETA   0.9min
  [Minimax(p=3)] 197/200 ( 98.5%)  decorrido   2739s  ritmo  13.9s/partida  ETA   0.7min
  [Minimax(p=3)] 198/200 ( 99.0%)  decorrido   2741s  ritmo  13.8s/partida  ETA   0.5min
  [Minimax(p=3)] 199/200 ( 99.5%)  decorrido   2744s  ritmo  13.8s/partida  ETA   0.2min
  [Minimax(p=3)] 200/200 (100.0%)  decorrido   2757s  ritmo  13.8s/partida  ETA   0.0min
  [checkpoint] gravado: resultados_p03.pkl
--- [1/3] Minimax(p=3) concluído. Total acumulado: 200 partidas em 2758s ---

--- [2/3] Coletando Minimax(p=5) (200 partidas) ---
C:\Users\c092820\AppData\Roaming\Python\Python39\site-packages\tensorflow\lite\python\interpreter.py:457: UserWarning:     Warning: tf.lite.Interpreter is deprecated and is scheduled for deletion in
    TF 2.20. Please use the LiteRT interpreter from the ai_edge_litert package.
    See the [migration guide](https://ai.google.dev/edge/litert/migration)
    for details.
    
  warnings.warn(_INTERPRETER_DELETION_WARNING)
C:\Users\c092820\AppData\Roaming\Python\Python39\site-packages\tensorflow\lite\python\interpreter.py:457: UserWarning:     Warning: tf.lite.Interpreter is deprecated and is scheduled for deletion in
    TF 2.20. Please use the LiteRT interpreter from the ai_edge_litert package.
    See the [migration guide](https://ai.google.dev/edge/litert/migration)
    for details.
    
  warnings.warn(_INTERPRETER_DELETION_WARNING)
INFO: Created TensorFlow Lite XNNPACK delegate for CPU.
INFO: Created TensorFlow Lite XNNPACK delegate for CPU.
C:\Users\c092820\AppData\Roaming\Python\Python39\site-packages\tensorflow\lite\python\interpreter.py:457: UserWarning:     Warning: tf.lite.Interpreter is deprecated and is scheduled for deletion in
    TF 2.20. Please use the LiteRT interpreter from the ai_edge_litert package.
    See the [migration guide](https://ai.google.dev/edge/litert/migration)
    for details.
    
  warnings.warn(_INTERPRETER_DELETION_WARNING)
INFO: Created TensorFlow Lite XNNPACK delegate for CPU.
C:\Users\c092820\AppData\Roaming\Python\Python39\site-packages\tensorflow\lite\python\interpreter.py:457: UserWarning:     Warning: tf.lite.Interpreter is deprecated and is scheduled for deletion in
    TF 2.20. Please use the LiteRT interpreter from the ai_edge_litert package.
    See the [migration guide](https://ai.google.dev/edge/litert/migration)
    for details.
    
  warnings.warn(_INTERPRETER_DELETION_WARNING)
INFO: Created TensorFlow Lite XNNPACK delegate for CPU.
C:\Users\c092820\AppData\Roaming\Python\Python39\site-packages\tensorflow\lite\python\interpreter.py:457: UserWarning:     Warning: tf.lite.Interpreter is deprecated and is scheduled for deletion in
    TF 2.20. Please use the LiteRT interpreter from the ai_edge_litert package.
    See the [migration guide](https://ai.google.dev/edge/litert/migration)
    for details.
    
  warnings.warn(_INTERPRETER_DELETION_WARNING)
INFO: Created TensorFlow Lite XNNPACK delegate for CPU.
C:\Users\c092820\AppData\Roaming\Python\Python39\site-packages\tensorflow\lite\python\interpreter.py:457: UserWarning:     Warning: tf.lite.Interpreter is deprecated and is scheduled for deletion in
    TF 2.20. Please use the LiteRT interpreter from the ai_edge_litert package.
    See the [migration guide](https://ai.google.dev/edge/litert/migration)
    for details.
    
  warnings.warn(_INTERPRETER_DELETION_WARNING)
INFO: Created TensorFlow Lite XNNPACK delegate for CPU.
C:\Users\c092820\AppData\Roaming\Python\Python39\site-packages\tensorflow\lite\python\interpreter.py:457: UserWarning:     Warning: tf.lite.Interpreter is deprecated and is scheduled for deletion in
    TF 2.20. Please use the LiteRT interpreter from the ai_edge_litert package.
    See the [migration guide](https://ai.google.dev/edge/litert/migration)
    for details.
    
  warnings.warn(_INTERPRETER_DELETION_WARNING)
INFO: Created TensorFlow Lite XNNPACK delegate for CPU.
C:\Users\c092820\AppData\Roaming\Python\Python39\site-packages\tensorflow\lite\python\interpreter.py:457: UserWarning:     Warning: tf.lite.Interpreter is deprecated and is scheduled for deletion in
    TF 2.20. Please use the LiteRT interpreter from the ai_edge_litert package.
    See the [migration guide](https://ai.google.dev/edge/litert/migration)
    for details.
    
  warnings.warn(_INTERPRETER_DELETION_WARNING)
INFO: Created TensorFlow Lite XNNPACK delegate for CPU.
C:\Users\c092820\AppData\Roaming\Python\Python39\site-packages\tensorflow\lite\python\interpreter.py:457: UserWarning:     Warning: tf.lite.Interpreter is deprecated and is scheduled for deletion in
    TF 2.20. Please use the LiteRT interpreter from the ai_edge_litert package.
    See the [migration guide](https://ai.google.dev/edge/litert/migration)
    for details.
    
  warnings.warn(_INTERPRETER_DELETION_WARNING)
INFO: Created TensorFlow Lite XNNPACK delegate for CPU.
C:\Users\c092820\AppData\Roaming\Python\Python39\site-packages\tensorflow\lite\python\interpreter.py:457: UserWarning:     Warning: tf.lite.Interpreter is deprecated and is scheduled for deletion in
    TF 2.20. Please use the LiteRT interpreter from the ai_edge_litert package.
    See the [migration guide](https://ai.google.dev/edge/litert/migration)
    for details.
    
  warnings.warn(_INTERPRETER_DELETION_WARNING)
INFO: Created TensorFlow Lite XNNPACK delegate for CPU.
C:\Users\c092820\AppData\Roaming\Python\Python39\site-packages\tensorflow\lite\python\interpreter.py:457: UserWarning:     Warning: tf.lite.Interpreter is deprecated and is scheduled for deletion in
    TF 2.20. Please use the LiteRT interpreter from the ai_edge_litert package.
    See the [migration guide](https://ai.google.dev/edge/litert/migration)
    for details.
    
  warnings.warn(_INTERPRETER_DELETION_WARNING)
INFO: Created TensorFlow Lite XNNPACK delegate for CPU.
C:\Users\c092820\AppData\Roaming\Python\Python39\site-packages\tensorflow\lite\python\interpreter.py:457: UserWarning:     Warning: tf.lite.Interpreter is deprecated and is scheduled for deletion in
    TF 2.20. Please use the LiteRT interpreter from the ai_edge_litert package.
    See the [migration guide](https://ai.google.dev/edge/litert/migration)
    for details.
    
  warnings.warn(_INTERPRETER_DELETION_WARNING)
INFO: Created TensorFlow Lite XNNPACK delegate for CPU.
  [Minimax(p=5)]   1/200 (  0.5%)  decorrido    205s  ritmo 204.6s/partida  ETA 678.7min
  [Minimax(p=5)]   2/200 (  1.0%)  decorrido    211s  ritmo 105.5s/partida  ETA 348.3min
  [Minimax(p=5)]   3/200 (  1.5%)  decorrido    216s  ritmo  72.0s/partida  ETA 236.3min
  [Minimax(p=5)]   4/200 (  2.0%)  decorrido    222s  ritmo  55.4s/partida  ETA 181.1min
  [Minimax(p=5)]   5/200 (  2.5%)  decorrido    236s  ritmo  47.2s/partida  ETA 153.3min
  [Minimax(p=5)]   6/200 (  3.0%)  decorrido    241s  ritmo  40.2s/partida  ETA 129.9min
  [Minimax(p=5)]   7/200 (  3.5%)  decorrido    244s  ritmo  34.8s/partida  ETA 111.9min
  [Minimax(p=5)]   8/200 (  4.0%)  decorrido    245s  ritmo  30.6s/partida  ETA  97.8min
  [Minimax(p=5)]   9/200 (  4.5%)  decorrido    249s  ritmo  27.7s/partida  ETA  88.1min
  [Minimax(p=5)]  10/200 (  5.0%)  decorrido    251s  ritmo  25.1s/partida  ETA  79.5min
  [Minimax(p=5)]  11/200 (  5.5%)  decorrido    268s  ritmo  24.3s/partida  ETA  76.7min
  [Minimax(p=5)]  12/200 (  6.0%)  decorrido    272s  ritmo  22.6s/partida  ETA  70.9min
  [Minimax(p=5)]  13/200 (  6.5%)  decorrido    374s  ritmo  28.8s/partida  ETA  89.7min
  [Minimax(p=5)]  14/200 (  7.0%)  decorrido    382s  ritmo  27.3s/partida  ETA  84.6min
  [Minimax(p=5)]  15/200 (  7.5%)  decorrido    383s  ritmo  25.5s/partida  ETA  78.7min
  [Minimax(p=5)]  16/200 (  8.0%)  decorrido    389s  ritmo  24.3s/partida  ETA  74.5min
  [Minimax(p=5)]  17/200 (  8.5%)  decorrido    420s  ritmo  24.7s/partida  ETA  75.3min
  [Minimax(p=5)]  18/200 (  9.0%)  decorrido    420s  ritmo  23.4s/partida  ETA  70.9min
  [Minimax(p=5)]  19/200 (  9.5%)  decorrido    432s  ritmo  22.8s/partida  ETA  68.6min
  [Minimax(p=5)]  20/200 ( 10.0%)  decorrido    437s  ritmo  21.9s/partida  ETA  65.6min
  [Minimax(p=5)]  21/200 ( 10.5%)  decorrido    438s  ritmo  20.8s/partida  ETA  62.2min
  [Minimax(p=5)]  22/200 ( 11.0%)  decorrido    439s  ritmo  20.0s/partida  ETA  59.2min
  [Minimax(p=5)]  23/200 ( 11.5%)  decorrido    447s  ritmo  19.4s/partida  ETA  57.3min
  [Minimax(p=5)]  24/200 ( 12.0%)  decorrido    459s  ritmo  19.1s/partida  ETA  56.2min
  [Minimax(p=5)]  25/200 ( 12.5%)  decorrido    502s  ritmo  20.1s/partida  ETA  58.6min
  [Minimax(p=5)]  26/200 ( 13.0%)  decorrido    537s  ritmo  20.6s/partida  ETA  59.9min
  [Minimax(p=5)]  27/200 ( 13.5%)  decorrido    562s  ritmo  20.8s/partida  ETA  60.1min
  [Minimax(p=5)]  28/200 ( 14.0%)  decorrido    575s  ritmo  20.5s/partida  ETA  58.9min
  [Minimax(p=5)]  29/200 ( 14.5%)  decorrido    590s  ritmo  20.3s/partida  ETA  58.0min
  [Minimax(p=5)]  30/200 ( 15.0%)  decorrido    601s  ritmo  20.0s/partida  ETA  56.7min
  [Minimax(p=5)]  31/200 ( 15.5%)  decorrido    605s  ritmo  19.5s/partida  ETA  55.0min
  [Minimax(p=5)]  32/200 ( 16.0%)  decorrido    608s  ritmo  19.0s/partida  ETA  53.2min
  [Minimax(p=5)]  33/200 ( 16.5%)  decorrido    629s  ritmo  19.0s/partida  ETA  53.0min
  [Minimax(p=5)]  34/200 ( 17.0%)  decorrido    632s  ritmo  18.6s/partida  ETA  51.4min
  [Minimax(p=5)]  35/200 ( 17.5%)  decorrido    633s  ritmo  18.1s/partida  ETA  49.8min
  [Minimax(p=5)]  36/200 ( 18.0%)  decorrido    644s  ritmo  17.9s/partida  ETA  48.9min
  [Minimax(p=5)]  37/200 ( 18.5%)  decorrido    658s  ritmo  17.8s/partida  ETA  48.3min
  [Minimax(p=5)]  38/200 ( 19.0%)  decorrido    703s  ritmo  18.5s/partida  ETA  50.0min
  [Minimax(p=5)]  39/200 ( 19.5%)  decorrido    706s  ritmo  18.1s/partida  ETA  48.6min
  [Minimax(p=5)]  40/200 ( 20.0%)  decorrido    729s  ritmo  18.2s/partida  ETA  48.6min
  [Minimax(p=5)]  41/200 ( 20.5%)  decorrido    746s  ritmo  18.2s/partida  ETA  48.2min
  [Minimax(p=5)]  42/200 ( 21.0%)  decorrido    750s  ritmo  17.9s/partida  ETA  47.0min
  [Minimax(p=5)]  43/200 ( 21.5%)  decorrido    776s  ritmo  18.0s/partida  ETA  47.2min
  [Minimax(p=5)]  44/200 ( 22.0%)  decorrido    784s  ritmo  17.8s/partida  ETA  46.3min
  [Minimax(p=5)]  45/200 ( 22.5%)  decorrido    792s  ritmo  17.6s/partida  ETA  45.5min
  [Minimax(p=5)]  46/200 ( 23.0%)  decorrido    816s  ritmo  17.7s/partida  ETA  45.5min
  [Minimax(p=5)]  47/200 ( 23.5%)  decorrido    839s  ritmo  17.9s/partida  ETA  45.5min
  [Minimax(p=5)]  48/200 ( 24.0%)  decorrido    843s  ritmo  17.6s/partida  ETA  44.5min
  [Minimax(p=5)]  49/200 ( 24.5%)  decorrido    882s  ritmo  18.0s/partida  ETA  45.3min
  [Minimax(p=5)]  50/200 ( 25.0%)  decorrido    903s  ritmo  18.1s/partida  ETA  45.2min
  [Minimax(p=5)]  51/200 ( 25.5%)  decorrido    917s  ritmo  18.0s/partida  ETA  44.7min
  [Minimax(p=5)]  52/200 ( 26.0%)  decorrido    935s  ritmo  18.0s/partida  ETA  44.3min
  [Minimax(p=5)]  53/200 ( 26.5%)  decorrido    938s  ritmo  17.7s/partida  ETA  43.3min
  [Minimax(p=5)]  54/200 ( 27.0%)  decorrido    952s  ritmo  17.6s/partida  ETA  42.9min
  [Minimax(p=5)]  55/200 ( 27.5%)  decorrido    956s  ritmo  17.4s/partida  ETA  42.0min
  [Minimax(p=5)]  56/200 ( 28.0%)  decorrido    965s  ritmo  17.2s/partida  ETA  41.3min
  [Minimax(p=5)]  57/200 ( 28.5%)  decorrido    972s  ritmo  17.1s/partida  ETA  40.6min
  [Minimax(p=5)]  58/200 ( 29.0%)  decorrido    984s  ritmo  17.0s/partida  ETA  40.2min
  [Minimax(p=5)]  59/200 ( 29.5%)  decorrido   1011s  ritmo  17.1s/partida  ETA  40.3min
  [Minimax(p=5)]  60/200 ( 30.0%)  decorrido   1011s  ritmo  16.9s/partida  ETA  39.3min
  [Minimax(p=5)]  61/200 ( 30.5%)  decorrido   1056s  ritmo  17.3s/partida  ETA  40.1min
  [Minimax(p=5)]  62/200 ( 31.0%)  decorrido   1066s  ritmo  17.2s/partida  ETA  39.5min
  [Minimax(p=5)]  63/200 ( 31.5%)  decorrido   1091s  ritmo  17.3s/partida  ETA  39.5min
  [Minimax(p=5)]  64/200 ( 32.0%)  decorrido   1099s  ritmo  17.2s/partida  ETA  38.9min
  [Minimax(p=5)]  65/200 ( 32.5%)  decorrido   1106s  ritmo  17.0s/partida  ETA  38.3min
  [Minimax(p=5)]  66/200 ( 33.0%)  decorrido   1129s  ritmo  17.1s/partida  ETA  38.2min
  [Minimax(p=5)]  67/200 ( 33.5%)  decorrido   1146s  ritmo  17.1s/partida  ETA  37.9min
  [Minimax(p=5)]  68/200 ( 34.0%)  decorrido   1147s  ritmo  16.9s/partida  ETA  37.1min
  [Minimax(p=5)]  69/200 ( 34.5%)  decorrido   1160s  ritmo  16.8s/partida  ETA  36.7min
  [Minimax(p=5)]  70/200 ( 35.0%)  decorrido   1165s  ritmo  16.6s/partida  ETA  36.0min
  [Minimax(p=5)]  71/200 ( 35.5%)  decorrido   1189s  ritmo  16.7s/partida  ETA  36.0min
  [Minimax(p=5)]  72/200 ( 36.0%)  decorrido   1230s  ritmo  17.1s/partida  ETA  36.4min
  [Minimax(p=5)]  73/200 ( 36.5%)  decorrido   1234s  ritmo  16.9s/partida  ETA  35.8min
  [Minimax(p=5)]  74/200 ( 37.0%)  decorrido   1235s  ritmo  16.7s/partida  ETA  35.0min
  [Minimax(p=5)]  75/200 ( 37.5%)  decorrido   1248s  ritmo  16.6s/partida  ETA  34.7min
  [Minimax(p=5)]  76/200 ( 38.0%)  decorrido   1299s  ritmo  17.1s/partida  ETA  35.3min
  [Minimax(p=5)]  77/200 ( 38.5%)  decorrido   1314s  ritmo  17.1s/partida  ETA  35.0min
  [Minimax(p=5)]  78/200 ( 39.0%)  decorrido   1316s  ritmo  16.9s/partida  ETA  34.3min
  [Minimax(p=5)]  79/200 ( 39.5%)  decorrido   1331s  ritmo  16.8s/partida  ETA  34.0min
  [Minimax(p=5)]  80/200 ( 40.0%)  decorrido   1339s  ritmo  16.7s/partida  ETA  33.5min
  [Minimax(p=5)]  81/200 ( 40.5%)  decorrido   1395s  ritmo  17.2s/partida  ETA  34.2min
  [Minimax(p=5)]  82/200 ( 41.0%)  decorrido   1397s  ritmo  17.0s/partida  ETA  33.5min
  [Minimax(p=5)]  83/200 ( 41.5%)  decorrido   1412s  ritmo  17.0s/partida  ETA  33.2min
  [Minimax(p=5)]  84/200 ( 42.0%)  decorrido   1412s  ritmo  16.8s/partida  ETA  32.5min
  [Minimax(p=5)]  85/200 ( 42.5%)  decorrido   1424s  ritmo  16.8s/partida  ETA  32.1min
  [Minimax(p=5)]  86/200 ( 43.0%)  decorrido   1426s  ritmo  16.6s/partida  ETA  31.5min
  [Minimax(p=5)]  87/200 ( 43.5%)  decorrido   1436s  ritmo  16.5s/partida  ETA  31.1min
  [Minimax(p=5)]  88/200 ( 44.0%)  decorrido   1473s  ritmo  16.7s/partida  ETA  31.2min
  [Minimax(p=5)]  89/200 ( 44.5%)  decorrido   1494s  ritmo  16.8s/partida  ETA  31.1min
  [Minimax(p=5)]  90/200 ( 45.0%)  decorrido   1523s  ritmo  16.9s/partida  ETA  31.0min
  [Minimax(p=5)]  91/200 ( 45.5%)  decorrido   1528s  ritmo  16.8s/partida  ETA  30.5min
  [Minimax(p=5)]  92/200 ( 46.0%)  decorrido   1539s  ritmo  16.7s/partida  ETA  30.1min
  [Minimax(p=5)]  93/200 ( 46.5%)  decorrido   1546s  ritmo  16.6s/partida  ETA  29.7min
  [Minimax(p=5)]  94/200 ( 47.0%)  decorrido   1556s  ritmo  16.6s/partida  ETA  29.2min
  [Minimax(p=5)]  95/200 ( 47.5%)  decorrido   1561s  ritmo  16.4s/partida  ETA  28.8min
  [Minimax(p=5)]  96/200 ( 48.0%)  decorrido   1583s  ritmo  16.5s/partida  ETA  28.6min
  [Minimax(p=5)]  97/200 ( 48.5%)  decorrido   1606s  ritmo  16.6s/partida  ETA  28.4min
  [Minimax(p=5)]  98/200 ( 49.0%)  decorrido   1624s  ritmo  16.6s/partida  ETA  28.2min
  [Minimax(p=5)]  99/200 ( 49.5%)  decorrido   1635s  ritmo  16.5s/partida  ETA  27.8min
  [Minimax(p=5)] 100/200 ( 50.0%)  decorrido   1638s  ritmo  16.4s/partida  ETA  27.3min
  [Minimax(p=5)] 101/200 ( 50.5%)  decorrido   1669s  ritmo  16.5s/partida  ETA  27.3min
  [Minimax(p=5)] 102/200 ( 51.0%)  decorrido   1677s  ritmo  16.4s/partida  ETA  26.9min
  [Minimax(p=5)] 103/200 ( 51.5%)  decorrido   1686s  ritmo  16.4s/partida  ETA  26.5min
  [Minimax(p=5)] 104/200 ( 52.0%)  decorrido   1693s  ritmo  16.3s/partida  ETA  26.1min
  [Minimax(p=5)] 105/200 ( 52.5%)  decorrido   1705s  ritmo  16.2s/partida  ETA  25.7min
  [Minimax(p=5)] 106/200 ( 53.0%)  decorrido   1718s  ritmo  16.2s/partida  ETA  25.4min
  [Minimax(p=5)] 107/200 ( 53.5%)  decorrido   1727s  ritmo  16.1s/partida  ETA  25.0min
  [Minimax(p=5)] 108/200 ( 54.0%)  decorrido   1729s  ritmo  16.0s/partida  ETA  24.6min
  [Minimax(p=5)] 109/200 ( 54.5%)  decorrido   1741s  ritmo  16.0s/partida  ETA  24.2min
  [Minimax(p=5)] 110/200 ( 55.0%)  decorrido   1766s  ritmo  16.1s/partida  ETA  24.1min
  [Minimax(p=5)] 111/200 ( 55.5%)  decorrido   1792s  ritmo  16.1s/partida  ETA  23.9min
  [Minimax(p=5)] 112/200 ( 56.0%)  decorrido   1813s  ritmo  16.2s/partida  ETA  23.7min
  [Minimax(p=5)] 113/200 ( 56.5%)  decorrido   1828s  ritmo  16.2s/partida  ETA  23.5min
  [Minimax(p=5)] 114/200 ( 57.0%)  decorrido   1839s  ritmo  16.1s/partida  ETA  23.1min
  [Minimax(p=5)] 115/200 ( 57.5%)  decorrido   1851s  ritmo  16.1s/partida  ETA  22.8min
  [Minimax(p=5)] 116/200 ( 58.0%)  decorrido   1857s  ritmo  16.0s/partida  ETA  22.4min
  [Minimax(p=5)] 117/200 ( 58.5%)  decorrido   1888s  ritmo  16.1s/partida  ETA  22.3min
  [Minimax(p=5)] 118/200 ( 59.0%)  decorrido   1896s  ritmo  16.1s/partida  ETA  22.0min
  [Minimax(p=5)] 119/200 ( 59.5%)  decorrido   1903s  ritmo  16.0s/partida  ETA  21.6min
  [Minimax(p=5)] 120/200 ( 60.0%)  decorrido   1928s  ritmo  16.1s/partida  ETA  21.4min
  [Minimax(p=5)] 121/200 ( 60.5%)  decorrido   1935s  ritmo  16.0s/partida  ETA  21.1min
  [Minimax(p=5)] 122/200 ( 61.0%)  decorrido   1952s  ritmo  16.0s/partida  ETA  20.8min
  [Minimax(p=5)] 123/200 ( 61.5%)  decorrido   1980s  ritmo  16.1s/partida  ETA  20.7min
  [Minimax(p=5)] 124/200 ( 62.0%)  decorrido   1998s  ritmo  16.1s/partida  ETA  20.4min
  [Minimax(p=5)] 125/200 ( 62.5%)  decorrido   2013s  ritmo  16.1s/partida  ETA  20.1min
  [Minimax(p=5)] 126/200 ( 63.0%)  decorrido   2013s  ritmo  16.0s/partida  ETA  19.7min
  [Minimax(p=5)] 127/200 ( 63.5%)  decorrido   2029s  ritmo  16.0s/partida  ETA  19.4min
  [Minimax(p=5)] 128/200 ( 64.0%)  decorrido   2032s  ritmo  15.9s/partida  ETA  19.0min
  [Minimax(p=5)] 129/200 ( 64.5%)  decorrido   2040s  ritmo  15.8s/partida  ETA  18.7min
  [Minimax(p=5)] 130/200 ( 65.0%)  decorrido   2050s  ritmo  15.8s/partida  ETA  18.4min
  [Minimax(p=5)] 131/200 ( 65.5%)  decorrido   2059s  ritmo  15.7s/partida  ETA  18.1min
  [Minimax(p=5)] 132/200 ( 66.0%)  decorrido   2086s  ritmo  15.8s/partida  ETA  17.9min
  [Minimax(p=5)] 133/200 ( 66.5%)  decorrido   2117s  ritmo  15.9s/partida  ETA  17.8min
  [Minimax(p=5)] 134/200 ( 67.0%)  decorrido   2120s  ritmo  15.8s/partida  ETA  17.4min
  [Minimax(p=5)] 135/200 ( 67.5%)  decorrido   2127s  ritmo  15.8s/partida  ETA  17.1min
  [Minimax(p=5)] 136/200 ( 68.0%)  decorrido   2152s  ritmo  15.8s/partida  ETA  16.9min
  [Minimax(p=5)] 137/200 ( 68.5%)  decorrido   2155s  ritmo  15.7s/partida  ETA  16.5min
  [Minimax(p=5)] 138/200 ( 69.0%)  decorrido   2199s  ritmo  15.9s/partida  ETA  16.5min
  [Minimax(p=5)] 139/200 ( 69.5%)  decorrido   2205s  ritmo  15.9s/partida  ETA  16.1min
  [Minimax(p=5)] 140/200 ( 70.0%)  decorrido   2212s  ritmo  15.8s/partida  ETA  15.8min
  [Minimax(p=5)] 141/200 ( 70.5%)  decorrido   2214s  ritmo  15.7s/partida  ETA  15.4min
  [Minimax(p=5)] 142/200 ( 71.0%)  decorrido   2215s  ritmo  15.6s/partida  ETA  15.1min
  [Minimax(p=5)] 143/200 ( 71.5%)  decorrido   2240s  ritmo  15.7s/partida  ETA  14.9min
  [Minimax(p=5)] 144/200 ( 72.0%)  decorrido   2249s  ritmo  15.6s/partida  ETA  14.6min
  [Minimax(p=5)] 145/200 ( 72.5%)  decorrido   2251s  ritmo  15.5s/partida  ETA  14.2min
  [Minimax(p=5)] 146/200 ( 73.0%)  decorrido   2255s  ritmo  15.4s/partida  ETA  13.9min
  [Minimax(p=5)] 147/200 ( 73.5%)  decorrido   2266s  ritmo  15.4s/partida  ETA  13.6min
  [Minimax(p=5)] 148/200 ( 74.0%)  decorrido   2298s  ritmo  15.5s/partida  ETA  13.5min
  [Minimax(p=5)] 149/200 ( 74.5%)  decorrido   2322s  ritmo  15.6s/partida  ETA  13.2min
  [Minimax(p=5)] 150/200 ( 75.0%)  decorrido   2328s  ritmo  15.5s/partida  ETA  12.9min
  [Minimax(p=5)] 151/200 ( 75.5%)  decorrido   2352s  ritmo  15.6s/partida  ETA  12.7min
  [Minimax(p=5)] 152/200 ( 76.0%)  decorrido   2355s  ritmo  15.5s/partida  ETA  12.4min
  [Minimax(p=5)] 153/200 ( 76.5%)  decorrido   2361s  ritmo  15.4s/partida  ETA  12.1min
  [Minimax(p=5)] 154/200 ( 77.0%)  decorrido   2361s  ritmo  15.3s/partida  ETA  11.8min
  [Minimax(p=5)] 155/200 ( 77.5%)  decorrido   2364s  ritmo  15.2s/partida  ETA  11.4min
  [Minimax(p=5)] 156/200 ( 78.0%)  decorrido   2375s  ritmo  15.2s/partida  ETA  11.2min
  [Minimax(p=5)] 157/200 ( 78.5%)  decorrido   2379s  ritmo  15.2s/partida  ETA  10.9min
  [Minimax(p=5)] 158/200 ( 79.0%)  decorrido   2402s  ritmo  15.2s/partida  ETA  10.6min
  [Minimax(p=5)] 159/200 ( 79.5%)  decorrido   2431s  ritmo  15.3s/partida  ETA  10.4min
  [Minimax(p=5)] 160/200 ( 80.0%)  decorrido   2439s  ritmo  15.2s/partida  ETA  10.2min
  [Minimax(p=5)] 161/200 ( 80.5%)  decorrido   2466s  ritmo  15.3s/partida  ETA  10.0min
  [Minimax(p=5)] 162/200 ( 81.0%)  decorrido   2479s  ritmo  15.3s/partida  ETA   9.7min
  [Minimax(p=5)] 163/200 ( 81.5%)  decorrido   2504s  ritmo  15.4s/partida  ETA   9.5min
  [Minimax(p=5)] 164/200 ( 82.0%)  decorrido   2505s  ritmo  15.3s/partida  ETA   9.2min
  [Minimax(p=5)] 165/200 ( 82.5%)  decorrido   2507s  ritmo  15.2s/partida  ETA   8.9min
  [Minimax(p=5)] 166/200 ( 83.0%)  decorrido   2521s  ritmo  15.2s/partida  ETA   8.6min
  [Minimax(p=5)] 167/200 ( 83.5%)  decorrido   2523s  ritmo  15.1s/partida  ETA   8.3min
  [Minimax(p=5)] 168/200 ( 84.0%)  decorrido   2526s  ritmo  15.0s/partida  ETA   8.0min
  [Minimax(p=5)] 169/200 ( 84.5%)  decorrido   2546s  ritmo  15.1s/partida  ETA   7.8min
  [Minimax(p=5)] 170/200 ( 85.0%)  decorrido   2560s  ritmo  15.1s/partida  ETA   7.5min
  [Minimax(p=5)] 171/200 ( 85.5%)  decorrido   2580s  ritmo  15.1s/partida  ETA   7.3min
  [Minimax(p=5)] 172/200 ( 86.0%)  decorrido   2598s  ritmo  15.1s/partida  ETA   7.0min
  [Minimax(p=5)] 173/200 ( 86.5%)  decorrido   2616s  ritmo  15.1s/partida  ETA   6.8min
  [Minimax(p=5)] 174/200 ( 87.0%)  decorrido   2620s  ritmo  15.1s/partida  ETA   6.5min
  [Minimax(p=5)] 175/200 ( 87.5%)  decorrido   2627s  ritmo  15.0s/partida  ETA   6.3min
  [Minimax(p=5)] 176/200 ( 88.0%)  decorrido   2646s  ritmo  15.0s/partida  ETA   6.0min
  [Minimax(p=5)] 177/200 ( 88.5%)  decorrido   2654s  ritmo  15.0s/partida  ETA   5.7min
  [Minimax(p=5)] 178/200 ( 89.0%)  decorrido   2658s  ritmo  14.9s/partida  ETA   5.5min
  [Minimax(p=5)] 179/200 ( 89.5%)  decorrido   2678s  ritmo  15.0s/partida  ETA   5.2min
  [Minimax(p=5)] 180/200 ( 90.0%)  decorrido   2685s  ritmo  14.9s/partida  ETA   5.0min
  [Minimax(p=5)] 181/200 ( 90.5%)  decorrido   2690s  ritmo  14.9s/partida  ETA   4.7min
  [Minimax(p=5)] 182/200 ( 91.0%)  decorrido   2690s  ritmo  14.8s/partida  ETA   4.4min
  [Minimax(p=5)] 183/200 ( 91.5%)  decorrido   2743s  ritmo  15.0s/partida  ETA   4.2min
  [Minimax(p=5)] 184/200 ( 92.0%)  decorrido   2756s  ritmo  15.0s/partida  ETA   4.0min
  [Minimax(p=5)] 185/200 ( 92.5%)  decorrido   2757s  ritmo  14.9s/partida  ETA   3.7min
  [Minimax(p=5)] 186/200 ( 93.0%)  decorrido   2760s  ritmo  14.8s/partida  ETA   3.5min
  [Minimax(p=5)] 187/200 ( 93.5%)  decorrido   2776s  ritmo  14.8s/partida  ETA   3.2min
  [Minimax(p=5)] 188/200 ( 94.0%)  decorrido   2783s  ritmo  14.8s/partida  ETA   3.0min
  [Minimax(p=5)] 189/200 ( 94.5%)  decorrido   2789s  ritmo  14.8s/partida  ETA   2.7min
  [Minimax(p=5)] 190/200 ( 95.0%)  decorrido   2800s  ritmo  14.7s/partida  ETA   2.5min
  [Minimax(p=5)] 191/200 ( 95.5%)  decorrido   2816s  ritmo  14.7s/partida  ETA   2.2min
  [Minimax(p=5)] 192/200 ( 96.0%)  decorrido   2823s  ritmo  14.7s/partida  ETA   2.0min
  [Minimax(p=5)] 193/200 ( 96.5%)  decorrido   2825s  ritmo  14.6s/partida  ETA   1.7min
  [Minimax(p=5)] 194/200 ( 97.0%)  decorrido   2826s  ritmo  14.6s/partida  ETA   1.5min
  [Minimax(p=5)] 195/200 ( 97.5%)  decorrido   2847s  ritmo  14.6s/partida  ETA   1.2min
  [Minimax(p=5)] 196/200 ( 98.0%)  decorrido   2863s  ritmo  14.6s/partida  ETA   1.0min
  [Minimax(p=5)] 197/200 ( 98.5%)  decorrido   2874s  ritmo  14.6s/partida  ETA   0.7min
  [Minimax(p=5)] 198/200 ( 99.0%)  decorrido   2881s  ritmo  14.6s/partida  ETA   0.5min
  [Minimax(p=5)] 199/200 ( 99.5%)  decorrido   2884s  ritmo  14.5s/partida  ETA   0.2min
  [Minimax(p=5)] 200/200 (100.0%)  decorrido   2888s  ritmo  14.4s/partida  ETA   0.0min
  [checkpoint] gravado: resultados_p05.pkl
--- [2/3] Minimax(p=5) concluído. Total acumulado: 400 partidas em 5648s ---

--- [3/3] Coletando Minimax(p=6) (200 partidas) ---
C:\Users\c092820\AppData\Roaming\Python\Python39\site-packages\tensorflow\lite\python\interpreter.py:457: UserWarning:     Warning: tf.lite.Interpreter is deprecated and is scheduled for deletion in
    TF 2.20. Please use the LiteRT interpreter from the ai_edge_litert package.
    See the [migration guide](https://ai.google.dev/edge/litert/migration)
    for details.
    
  warnings.warn(_INTERPRETER_DELETION_WARNING)
INFO: C:\Users\c092820\AppData\Roaming\Python\Python39\site-packages\tensorflow\lite\python\interpreter.py:457: UserWarning:     Warning: tf.lite.Interpreter is deprecated and is scheduled for deletion in
    TF 2.20. Please use the LiteRT interpreter from the ai_edge_litert package.
    See the [migration guide](https://ai.google.dev/edge/litert/migration)
    for details.
    
  warnings.warn(_INTERPRETER_DELETION_WARNING)
Created TensorFlow Lite XNNPACK delegate for CPU.
INFO: Created TensorFlow Lite XNNPACK delegate for CPU.
C:\Users\c092820\AppData\Roaming\Python\Python39\site-packages\tensorflow\lite\python\interpreter.py:457: UserWarning:     Warning: tf.lite.Interpreter is deprecated and is scheduled for deletion in
    TF 2.20. Please use the LiteRT interpreter from the ai_edge_litert package.
    See the [migration guide](https://ai.google.dev/edge/litert/migration)
    for details.
    
  warnings.warn(_INTERPRETER_DELETION_WARNING)
INFO: Created TensorFlow Lite XNNPACK delegate for CPU.
C:\Users\c092820\AppData\Roaming\Python\Python39\site-packages\tensorflow\lite\python\interpreter.py:457: UserWarning:     Warning: tf.lite.Interpreter is deprecated and is scheduled for deletion in
    TF 2.20. Please use the LiteRT interpreter from the ai_edge_litert package.
    See the [migration guide](https://ai.google.dev/edge/litert/migration)
    for details.
    
  warnings.warn(_INTERPRETER_DELETION_WARNING)
INFO: Created TensorFlow Lite XNNPACK delegate for CPU.
C:\Users\c092820\AppData\Roaming\Python\Python39\site-packages\tensorflow\lite\python\interpreter.py:457: UserWarning:     Warning: tf.lite.Interpreter is deprecated and is scheduled for deletion in
    TF 2.20. Please use the LiteRT interpreter from the ai_edge_litert package.
    See the [migration guide](https://ai.google.dev/edge/litert/migration)
    for details.
    
  warnings.warn(_INTERPRETER_DELETION_WARNING)
INFO: Created TensorFlow Lite XNNPACK delegate for CPU.
C:\Users\c092820\AppData\Roaming\Python\Python39\site-packages\tensorflow\lite\python\interpreter.py:457: UserWarning:     Warning: tf.lite.Interpreter is deprecated and is scheduled for deletion in
    TF 2.20. Please use the LiteRT interpreter from the ai_edge_litert package.
    See the [migration guide](https://ai.google.dev/edge/litert/migration)
    for details.
    
  warnings.warn(_INTERPRETER_DELETION_WARNING)
INFO: Created TensorFlow Lite XNNPACK delegate for CPU.
C:\Users\c092820\AppData\Roaming\Python\Python39\site-packages\tensorflow\lite\python\interpreter.py:457: UserWarning:     Warning: tf.lite.Interpreter is deprecated and is scheduled for deletion in
    TF 2.20. Please use the LiteRT interpreter from the ai_edge_litert package.
    See the [migration guide](https://ai.google.dev/edge/litert/migration)
    for details.
    
  warnings.warn(_INTERPRETER_DELETION_WARNING)
INFO: Created TensorFlow Lite XNNPACK delegate for CPU.
C:\Users\c092820\AppData\Roaming\Python\Python39\site-packages\tensorflow\lite\python\interpreter.py:457: UserWarning:     Warning: tf.lite.Interpreter is deprecated and is scheduled for deletion in
    TF 2.20. Please use the LiteRT interpreter from the ai_edge_litert package.
    See the [migration guide](https://ai.google.dev/edge/litert/migration)
    for details.
    
  warnings.warn(_INTERPRETER_DELETION_WARNING)
INFO: Created TensorFlow Lite XNNPACK delegate for CPU.
C:\Users\c092820\AppData\Roaming\Python\Python39\site-packages\tensorflow\lite\python\interpreter.py:457: UserWarning:     Warning: tf.lite.Interpreter is deprecated and is scheduled for deletion in
    TF 2.20. Please use the LiteRT interpreter from the ai_edge_litert package.
    See the [migration guide](https://ai.google.dev/edge/litert/migration)
    for details.
    
  warnings.warn(_INTERPRETER_DELETION_WARNING)
INFO: Created TensorFlow Lite XNNPACK delegate for CPU.
C:\Users\c092820\AppData\Roaming\Python\Python39\site-packages\tensorflow\lite\python\interpreter.py:457: UserWarning:     Warning: tf.lite.Interpreter is deprecated and is scheduled for deletion in
    TF 2.20. Please use the LiteRT interpreter from the ai_edge_litert package.
    See the [migration guide](https://ai.google.dev/edge/litert/migration)
    for details.
    
  warnings.warn(_INTERPRETER_DELETION_WARNING)
INFO: Created TensorFlow Lite XNNPACK delegate for CPU.
C:\Users\c092820\AppData\Roaming\Python\Python39\site-packages\tensorflow\lite\python\interpreter.py:457: UserWarning:     Warning: tf.lite.Interpreter is deprecated and is scheduled for deletion in
    TF 2.20. Please use the LiteRT interpreter from the ai_edge_litert package.
    See the [migration guide](https://ai.google.dev/edge/litert/migration)
    for details.
    
  warnings.warn(_INTERPRETER_DELETION_WARNING)
INFO: Created TensorFlow Lite XNNPACK delegate for CPU.
C:\Users\c092820\AppData\Roaming\Python\Python39\site-packages\tensorflow\lite\python\interpreter.py:457: UserWarning:     Warning: tf.lite.Interpreter is deprecated and is scheduled for deletion in
    TF 2.20. Please use the LiteRT interpreter from the ai_edge_litert package.
    See the [migration guide](https://ai.google.dev/edge/litert/migration)
    for details.
    
  warnings.warn(_INTERPRETER_DELETION_WARNING)
INFO: Created TensorFlow Lite XNNPACK delegate for CPU.
  [Minimax(p=6)]   1/200 (  0.5%)  decorrido    203s  ritmo 203.0s/partida  ETA 673.2min
  [Minimax(p=6)]   2/200 (  1.0%)  decorrido    218s  ritmo 108.8s/partida  ETA 359.1min
  [Minimax(p=6)]   3/200 (  1.5%)  decorrido    224s  ritmo  74.6s/partida  ETA 244.9min
  [Minimax(p=6)]   4/200 (  2.0%)  decorrido    239s  ritmo  59.7s/partida  ETA 195.1min
  [Minimax(p=6)]   5/200 (  2.5%)  decorrido    245s  ritmo  49.1s/partida  ETA 159.5min
  [Minimax(p=6)]   6/200 (  3.0%)  decorrido    251s  ritmo  41.9s/partida  ETA 135.4min
  [Minimax(p=6)]   7/200 (  3.5%)  decorrido    251s  ritmo  35.9s/partida  ETA 115.5min
  [Minimax(p=6)]   8/200 (  4.0%)  decorrido    260s  ritmo  32.5s/partida  ETA 104.0min
  [Minimax(p=6)]   9/200 (  4.5%)  decorrido    261s  ritmo  29.0s/partida  ETA  92.2min
  [Minimax(p=6)]  10/200 (  5.0%)  decorrido    263s  ritmo  26.3s/partida  ETA  83.2min
  [Minimax(p=6)]  11/200 (  5.5%)  decorrido    288s  ritmo  26.2s/partida  ETA  82.4min
  [Minimax(p=6)]  12/200 (  6.0%)  decorrido    299s  ritmo  25.0s/partida  ETA  78.2min
  [Minimax(p=6)]  13/200 (  6.5%)  decorrido    422s  ritmo  32.5s/partida  ETA 101.2min
  [Minimax(p=6)]  14/200 (  7.0%)  decorrido    445s  ritmo  31.8s/partida  ETA  98.5min
  [Minimax(p=6)]  15/200 (  7.5%)  decorrido    448s  ritmo  29.9s/partida  ETA  92.1min
  [Minimax(p=6)]  16/200 (  8.0%)  decorrido    449s  ritmo  28.1s/partida  ETA  86.1min
  [Minimax(p=6)]  17/200 (  8.5%)  decorrido    480s  ritmo  28.3s/partida  ETA  86.2min
  [Minimax(p=6)]  18/200 (  9.0%)  decorrido    494s  ritmo  27.4s/partida  ETA  83.2min
  [Minimax(p=6)]  19/200 (  9.5%)  decorrido    504s  ritmo  26.5s/partida  ETA  80.0min
  [Minimax(p=6)]  20/200 ( 10.0%)  decorrido    506s  ritmo  25.3s/partida  ETA  75.9min
  [Minimax(p=6)]  21/200 ( 10.5%)  decorrido    506s  ritmo  24.1s/partida  ETA  71.9min
  [Minimax(p=6)]  22/200 ( 11.0%)  decorrido    509s  ritmo  23.1s/partida  ETA  68.6min
  [Minimax(p=6)]  23/200 ( 11.5%)  decorrido    510s  ritmo  22.2s/partida  ETA  65.4min
  [Minimax(p=6)]  24/200 ( 12.0%)  decorrido    541s  ritmo  22.6s/partida  ETA  66.2min
  [Minimax(p=6)]  25/200 ( 12.5%)  decorrido    605s  ritmo  24.2s/partida  ETA  70.6min
  [Minimax(p=6)]  26/200 ( 13.0%)  decorrido    639s  ritmo  24.6s/partida  ETA  71.2min
  [Minimax(p=6)]  27/200 ( 13.5%)  decorrido    667s  ritmo  24.7s/partida  ETA  71.2min
  [Minimax(p=6)]  28/200 ( 14.0%)  decorrido    668s  ritmo  23.8s/partida  ETA  68.3min
  [Minimax(p=6)]  29/200 ( 14.5%)  decorrido    699s  ritmo  24.1s/partida  ETA  68.7min
  [Minimax(p=6)]  30/200 ( 15.0%)  decorrido    712s  ritmo  23.7s/partida  ETA  67.3min
  [Minimax(p=6)]  31/200 ( 15.5%)  decorrido    720s  ritmo  23.2s/partida  ETA  65.4min
  [Minimax(p=6)]  32/200 ( 16.0%)  decorrido    722s  ritmo  22.6s/partida  ETA  63.2min
  [Minimax(p=6)]  33/200 ( 16.5%)  decorrido    741s  ritmo  22.5s/partida  ETA  62.5min
  [Minimax(p=6)]  34/200 ( 17.0%)  decorrido    747s  ritmo  22.0s/partida  ETA  60.8min
  [Minimax(p=6)]  35/200 ( 17.5%)  decorrido    749s  ritmo  21.4s/partida  ETA  58.9min
  [Minimax(p=6)]  36/200 ( 18.0%)  decorrido    785s  ritmo  21.8s/partida  ETA  59.6min
  [Minimax(p=6)]  37/200 ( 18.5%)  decorrido    796s  ritmo  21.5s/partida  ETA  58.4min
  [Minimax(p=6)]  38/200 ( 19.0%)  decorrido    847s  ritmo  22.3s/partida  ETA  60.1min
  [Minimax(p=6)]  39/200 ( 19.5%)  decorrido    847s  ritmo  21.7s/partida  ETA  58.3min
  [Minimax(p=6)]  40/200 ( 20.0%)  decorrido    886s  ritmo  22.2s/partida  ETA  59.1min
  [Minimax(p=6)]  41/200 ( 20.5%)  decorrido    892s  ritmo  21.8s/partida  ETA  57.7min
  [Minimax(p=6)]  42/200 ( 21.0%)  decorrido    919s  ritmo  21.9s/partida  ETA  57.6min
  [Minimax(p=6)]  43/200 ( 21.5%)  decorrido    945s  ritmo  22.0s/partida  ETA  57.5min
  [Minimax(p=6)]  44/200 ( 22.0%)  decorrido    956s  ritmo  21.7s/partida  ETA  56.5min
  [Minimax(p=6)]  45/200 ( 22.5%)  decorrido    975s  ritmo  21.7s/partida  ETA  55.9min
  [Minimax(p=6)]  46/200 ( 23.0%)  decorrido    985s  ritmo  21.4s/partida  ETA  54.9min
  [Minimax(p=6)]  47/200 ( 23.5%)  decorrido    999s  ritmo  21.2s/partida  ETA  54.2min
  [Minimax(p=6)]  48/200 ( 24.0%)  decorrido   1005s  ritmo  20.9s/partida  ETA  53.1min
  [Minimax(p=6)]  49/200 ( 24.5%)  decorrido   1048s  ritmo  21.4s/partida  ETA  53.8min
  [Minimax(p=6)]  50/200 ( 25.0%)  decorrido   1078s  ritmo  21.6s/partida  ETA  53.9min
  [Minimax(p=6)]  51/200 ( 25.5%)  decorrido   1079s  ritmo  21.2s/partida  ETA  52.5min
  [Minimax(p=6)]  52/200 ( 26.0%)  decorrido   1107s  ritmo  21.3s/partida  ETA  52.5min
  [Minimax(p=6)]  53/200 ( 26.5%)  decorrido   1113s  ritmo  21.0s/partida  ETA  51.5min
  [Minimax(p=6)]  54/200 ( 27.0%)  decorrido   1136s  ritmo  21.0s/partida  ETA  51.2min
  [Minimax(p=6)]  55/200 ( 27.5%)  decorrido   1142s  ritmo  20.8s/partida  ETA  50.2min
  [Minimax(p=6)]  56/200 ( 28.0%)  decorrido   1146s  ritmo  20.5s/partida  ETA  49.1min
  [Minimax(p=6)]  57/200 ( 28.5%)  decorrido   1164s  ritmo  20.4s/partida  ETA  48.7min
  [Minimax(p=6)]  58/200 ( 29.0%)  decorrido   1195s  ritmo  20.6s/partida  ETA  48.7min
  [Minimax(p=6)]  59/200 ( 29.5%)  decorrido   1196s  ritmo  20.3s/partida  ETA  47.6min
  [Minimax(p=6)]  60/200 ( 30.0%)  decorrido   1197s  ritmo  20.0s/partida  ETA  46.6min
  [Minimax(p=6)]  61/200 ( 30.5%)  decorrido   1247s  ritmo  20.4s/partida  ETA  47.3min
  [Minimax(p=6)]  62/200 ( 31.0%)  decorrido   1262s  ritmo  20.3s/partida  ETA  46.8min
  [Minimax(p=6)]  63/200 ( 31.5%)  decorrido   1314s  ritmo  20.9s/partida  ETA  47.6min
  [Minimax(p=6)]  64/200 ( 32.0%)  decorrido   1314s  ritmo  20.5s/partida  ETA  46.5min
  [Minimax(p=6)]  65/200 ( 32.5%)  decorrido   1324s  ritmo  20.4s/partida  ETA  45.8min
  [Minimax(p=6)]  66/200 ( 33.0%)  decorrido   1345s  ritmo  20.4s/partida  ETA  45.5min
  [Minimax(p=6)]  67/200 ( 33.5%)  decorrido   1365s  ritmo  20.4s/partida  ETA  45.2min
  [Minimax(p=6)]  68/200 ( 34.0%)  decorrido   1391s  ritmo  20.5s/partida  ETA  45.0min
  [Minimax(p=6)]  69/200 ( 34.5%)  decorrido   1404s  ritmo  20.4s/partida  ETA  44.4min
  [Minimax(p=6)]  70/200 ( 35.0%)  decorrido   1410s  ritmo  20.1s/partida  ETA  43.6min
  [Minimax(p=6)]  71/200 ( 35.5%)  decorrido   1411s  ritmo  19.9s/partida  ETA  42.7min
  [Minimax(p=6)]  72/200 ( 36.0%)  decorrido   1457s  ritmo  20.2s/partida  ETA  43.2min
  [Minimax(p=6)]  73/200 ( 36.5%)  decorrido   1468s  ritmo  20.1s/partida  ETA  42.6min
  [Minimax(p=6)]  74/200 ( 37.0%)  decorrido   1474s  ritmo  19.9s/partida  ETA  41.8min
  [Minimax(p=6)]  75/200 ( 37.5%)  decorrido   1512s  ritmo  20.2s/partida  ETA  42.0min
  [Minimax(p=6)]  76/200 ( 38.0%)  decorrido   1574s  ritmo  20.7s/partida  ETA  42.8min
  [Minimax(p=6)]  77/200 ( 38.5%)  decorrido   1586s  ritmo  20.6s/partida  ETA  42.2min
  [Minimax(p=6)]  78/200 ( 39.0%)  decorrido   1595s  ritmo  20.5s/partida  ETA  41.6min
  [Minimax(p=6)]  79/200 ( 39.5%)  decorrido   1598s  ritmo  20.2s/partida  ETA  40.8min
  [Minimax(p=6)]  80/200 ( 40.0%)  decorrido   1642s  ritmo  20.5s/partida  ETA  41.0min
  [Minimax(p=6)]  81/200 ( 40.5%)  decorrido   1680s  ritmo  20.7s/partida  ETA  41.1min
  [Minimax(p=6)]  82/200 ( 41.0%)  decorrido   1691s  ritmo  20.6s/partida  ETA  40.6min
  [Minimax(p=6)]  83/200 ( 41.5%)  decorrido   1710s  ritmo  20.6s/partida  ETA  40.2min
  [Minimax(p=6)]  84/200 ( 42.0%)  decorrido   1712s  ritmo  20.4s/partida  ETA  39.4min
  [Minimax(p=6)]  85/200 ( 42.5%)  decorrido   1715s  ritmo  20.2s/partida  ETA  38.7min
  [Minimax(p=6)]  86/200 ( 43.0%)  decorrido   1724s  ritmo  20.1s/partida  ETA  38.1min
  [Minimax(p=6)]  87/200 ( 43.5%)  decorrido   1744s  ritmo  20.0s/partida  ETA  37.7min
  [Minimax(p=6)]  88/200 ( 44.0%)  decorrido   1825s  ritmo  20.7s/partida  ETA  38.7min
  [Minimax(p=6)]  89/200 ( 44.5%)  decorrido   1839s  ritmo  20.7s/partida  ETA  38.2min
  [Minimax(p=6)]  90/200 ( 45.0%)  decorrido   1894s  ritmo  21.0s/partida  ETA  38.6min
  [Minimax(p=6)]  91/200 ( 45.5%)  decorrido   1895s  ritmo  20.8s/partida  ETA  37.8min
  [Minimax(p=6)]  92/200 ( 46.0%)  decorrido   1904s  ritmo  20.7s/partida  ETA  37.2min
  [Minimax(p=6)]  93/200 ( 46.5%)  decorrido   1918s  ritmo  20.6s/partida  ETA  36.8min
  [Minimax(p=6)]  94/200 ( 47.0%)  decorrido   1941s  ritmo  20.6s/partida  ETA  36.5min
  [Minimax(p=6)]  95/200 ( 47.5%)  decorrido   1953s  ritmo  20.6s/partida  ETA  36.0min
  [Minimax(p=6)]  96/200 ( 48.0%)  decorrido   1966s  ritmo  20.5s/partida  ETA  35.5min
  [Minimax(p=6)]  97/200 ( 48.5%)  decorrido   1988s  ritmo  20.5s/partida  ETA  35.2min
  [Minimax(p=6)]  98/200 ( 49.0%)  decorrido   2028s  ritmo  20.7s/partida  ETA  35.2min
  [Minimax(p=6)]  99/200 ( 49.5%)  decorrido   2040s  ritmo  20.6s/partida  ETA  34.7min
  [Minimax(p=6)] 100/200 ( 50.0%)  decorrido   2062s  ritmo  20.6s/partida  ETA  34.4min
  [Minimax(p=6)] 101/200 ( 50.5%)  decorrido   2112s  ritmo  20.9s/partida  ETA  34.5min
  [Minimax(p=6)] 102/200 ( 51.0%)  decorrido   2123s  ritmo  20.8s/partida  ETA  34.0min
  [Minimax(p=6)] 103/200 ( 51.5%)  decorrido   2143s  ritmo  20.8s/partida  ETA  33.6min
  [Minimax(p=6)] 104/200 ( 52.0%)  decorrido   2145s  ritmo  20.6s/partida  ETA  33.0min
  [Minimax(p=6)] 105/200 ( 52.5%)  decorrido   2169s  ritmo  20.7s/partida  ETA  32.7min
  [Minimax(p=6)] 106/200 ( 53.0%)  decorrido   2170s  ritmo  20.5s/partida  ETA  32.1min
  [Minimax(p=6)] 107/200 ( 53.5%)  decorrido   2190s  ritmo  20.5s/partida  ETA  31.7min
  [Minimax(p=6)] 108/200 ( 54.0%)  decorrido   2192s  ritmo  20.3s/partida  ETA  31.1min
  [Minimax(p=6)] 109/200 ( 54.5%)  decorrido   2210s  ritmo  20.3s/partida  ETA  30.8min
  [Minimax(p=6)] 110/200 ( 55.0%)  decorrido   2223s  ritmo  20.2s/partida  ETA  30.3min
  [Minimax(p=6)] 111/200 ( 55.5%)  decorrido   2278s  ritmo  20.5s/partida  ETA  30.4min
  [Minimax(p=6)] 112/200 ( 56.0%)  decorrido   2295s  ritmo  20.5s/partida  ETA  30.1min
  [Minimax(p=6)] 113/200 ( 56.5%)  decorrido   2299s  ritmo  20.3s/partida  ETA  29.5min
  [Minimax(p=6)] 114/200 ( 57.0%)  decorrido   2322s  ritmo  20.4s/partida  ETA  29.2min
  [Minimax(p=6)] 115/200 ( 57.5%)  decorrido   2329s  ritmo  20.3s/partida  ETA  28.7min
  [Minimax(p=6)] 116/200 ( 58.0%)  decorrido   2350s  ritmo  20.3s/partida  ETA  28.4min
  [Minimax(p=6)] 117/200 ( 58.5%)  decorrido   2383s  ritmo  20.4s/partida  ETA  28.2min
  [Minimax(p=6)] 118/200 ( 59.0%)  decorrido   2383s  ritmo  20.2s/partida  ETA  27.6min
  [Minimax(p=6)] 119/200 ( 59.5%)  decorrido   2399s  ritmo  20.2s/partida  ETA  27.2min
  [Minimax(p=6)] 120/200 ( 60.0%)  decorrido   2410s  ritmo  20.1s/partida  ETA  26.8min
  [Minimax(p=6)] 121/200 ( 60.5%)  decorrido   2421s  ritmo  20.0s/partida  ETA  26.3min
  [Minimax(p=6)] 122/200 ( 61.0%)  decorrido   2438s  ritmo  20.0s/partida  ETA  26.0min
  [Minimax(p=6)] 123/200 ( 61.5%)  decorrido   2466s  ritmo  20.0s/partida  ETA  25.7min
  [Minimax(p=6)] 124/200 ( 62.0%)  decorrido   2507s  ritmo  20.2s/partida  ETA  25.6min
  [Minimax(p=6)] 125/200 ( 62.5%)  decorrido   2531s  ritmo  20.2s/partida  ETA  25.3min
  [Minimax(p=6)] 126/200 ( 63.0%)  decorrido   2539s  ritmo  20.2s/partida  ETA  24.9min
  [Minimax(p=6)] 127/200 ( 63.5%)  decorrido   2542s  ritmo  20.0s/partida  ETA  24.4min
  [Minimax(p=6)] 128/200 ( 64.0%)  decorrido   2545s  ritmo  19.9s/partida  ETA  23.9min
  [Minimax(p=6)] 129/200 ( 64.5%)  decorrido   2564s  ritmo  19.9s/partida  ETA  23.5min
  [Minimax(p=6)] 130/200 ( 65.0%)  decorrido   2569s  ritmo  19.8s/partida  ETA  23.1min
  [Minimax(p=6)] 131/200 ( 65.5%)  decorrido   2581s  ritmo  19.7s/partida  ETA  22.7min
  [Minimax(p=6)] 132/200 ( 66.0%)  decorrido   2618s  ritmo  19.8s/partida  ETA  22.5min
  [Minimax(p=6)] 133/200 ( 66.5%)  decorrido   2619s  ritmo  19.7s/partida  ETA  22.0min
  [Minimax(p=6)] 134/200 ( 67.0%)  decorrido   2638s  ritmo  19.7s/partida  ETA  21.7min
  [Minimax(p=6)] 135/200 ( 67.5%)  decorrido   2651s  ritmo  19.6s/partida  ETA  21.3min
  [Minimax(p=6)] 136/200 ( 68.0%)  decorrido   2716s  ritmo  20.0s/partida  ETA  21.3min
  [Minimax(p=6)] 137/200 ( 68.5%)  decorrido   2716s  ritmo  19.8s/partida  ETA  20.8min
  [Minimax(p=6)] 138/200 ( 69.0%)  decorrido   2749s  ritmo  19.9s/partida  ETA  20.6min
  [Minimax(p=6)] 139/200 ( 69.5%)  decorrido   2759s  ritmo  19.9s/partida  ETA  20.2min
  [Minimax(p=6)] 140/200 ( 70.0%)  decorrido   2771s  ritmo  19.8s/partida  ETA  19.8min
  [Minimax(p=6)] 141/200 ( 70.5%)  decorrido   2774s  ritmo  19.7s/partida  ETA  19.3min
  [Minimax(p=6)] 142/200 ( 71.0%)  decorrido   2797s  ritmo  19.7s/partida  ETA  19.0min
  [Minimax(p=6)] 143/200 ( 71.5%)  decorrido   2804s  ritmo  19.6s/partida  ETA  18.6min
  [Minimax(p=6)] 144/200 ( 72.0%)  decorrido   2805s  ritmo  19.5s/partida  ETA  18.2min
  [Minimax(p=6)] 145/200 ( 72.5%)  decorrido   2811s  ritmo  19.4s/partida  ETA  17.8min
  [Minimax(p=6)] 146/200 ( 73.0%)  decorrido   2816s  ritmo  19.3s/partida  ETA  17.4min
  [Minimax(p=6)] 147/200 ( 73.5%)  decorrido   2818s  ritmo  19.2s/partida  ETA  16.9min
  [Minimax(p=6)] 148/200 ( 74.0%)  decorrido   2909s  ritmo  19.7s/partida  ETA  17.0min
  [Minimax(p=6)] 149/200 ( 74.5%)  decorrido   2924s  ritmo  19.6s/partida  ETA  16.7min
  [Minimax(p=6)] 150/200 ( 75.0%)  decorrido   2934s  ritmo  19.6s/partida  ETA  16.3min
  [Minimax(p=6)] 151/200 ( 75.5%)  decorrido   2962s  ritmo  19.6s/partida  ETA  16.0min
  [Minimax(p=6)] 152/200 ( 76.0%)  decorrido   2973s  ritmo  19.6s/partida  ETA  15.6min
  [Minimax(p=6)] 153/200 ( 76.5%)  decorrido   2974s  ritmo  19.4s/partida  ETA  15.2min
  [Minimax(p=6)] 154/200 ( 77.0%)  decorrido   2980s  ritmo  19.3s/partida  ETA  14.8min
  [Minimax(p=6)] 155/200 ( 77.5%)  decorrido   2982s  ritmo  19.2s/partida  ETA  14.4min
  [Minimax(p=6)] 156/200 ( 78.0%)  decorrido   2999s  ritmo  19.2s/partida  ETA  14.1min
  [Minimax(p=6)] 157/200 ( 78.5%)  decorrido   3000s  ritmo  19.1s/partida  ETA  13.7min
  [Minimax(p=6)] 158/200 ( 79.0%)  decorrido   3031s  ritmo  19.2s/partida  ETA  13.4min
  [Minimax(p=6)] 159/200 ( 79.5%)  decorrido   3072s  ritmo  19.3s/partida  ETA  13.2min
  [Minimax(p=6)] 160/200 ( 80.0%)  decorrido   3112s  ritmo  19.4s/partida  ETA  13.0min
  [Minimax(p=6)] 161/200 ( 80.5%)  decorrido   3128s  ritmo  19.4s/partida  ETA  12.6min
  [Minimax(p=6)] 162/200 ( 81.0%)  decorrido   3131s  ritmo  19.3s/partida  ETA  12.2min
  [Minimax(p=6)] 163/200 ( 81.5%)  decorrido   3179s  ritmo  19.5s/partida  ETA  12.0min
  [Minimax(p=6)] 164/200 ( 82.0%)  decorrido   3182s  ritmo  19.4s/partida  ETA  11.6min
  [Minimax(p=6)] 165/200 ( 82.5%)  decorrido   3183s  ritmo  19.3s/partida  ETA  11.3min
  [Minimax(p=6)] 166/200 ( 83.0%)  decorrido   3193s  ritmo  19.2s/partida  ETA  10.9min
  [Minimax(p=6)] 167/200 ( 83.5%)  decorrido   3198s  ritmo  19.2s/partida  ETA  10.5min
  [Minimax(p=6)] 168/200 ( 84.0%)  decorrido   3200s  ritmo  19.0s/partida  ETA  10.2min
  [Minimax(p=6)] 169/200 ( 84.5%)  decorrido   3223s  ritmo  19.1s/partida  ETA   9.9min
  [Minimax(p=6)] 170/200 ( 85.0%)  decorrido   3258s  ritmo  19.2s/partida  ETA   9.6min
  [Minimax(p=6)] 171/200 ( 85.5%)  decorrido   3282s  ritmo  19.2s/partida  ETA   9.3min
  [Minimax(p=6)] 172/200 ( 86.0%)  decorrido   3314s  ritmo  19.3s/partida  ETA   9.0min
  [Minimax(p=6)] 173/200 ( 86.5%)  decorrido   3321s  ritmo  19.2s/partida  ETA   8.6min
  [Minimax(p=6)] 174/200 ( 87.0%)  decorrido   3330s  ritmo  19.1s/partida  ETA   8.3min
  [Minimax(p=6)] 175/200 ( 87.5%)  decorrido   3358s  ritmo  19.2s/partida  ETA   8.0min
  [Minimax(p=6)] 176/200 ( 88.0%)  decorrido   3377s  ritmo  19.2s/partida  ETA   7.7min
  [Minimax(p=6)] 177/200 ( 88.5%)  decorrido   3395s  ritmo  19.2s/partida  ETA   7.4min
  [Minimax(p=6)] 178/200 ( 89.0%)  decorrido   3399s  ritmo  19.1s/partida  ETA   7.0min
  [Minimax(p=6)] 179/200 ( 89.5%)  decorrido   3423s  ritmo  19.1s/partida  ETA   6.7min
  [Minimax(p=6)] 180/200 ( 90.0%)  decorrido   3435s  ritmo  19.1s/partida  ETA   6.4min
  [Minimax(p=6)] 181/200 ( 90.5%)  decorrido   3442s  ritmo  19.0s/partida  ETA   6.0min
  [Minimax(p=6)] 182/200 ( 91.0%)  decorrido   3457s  ritmo  19.0s/partida  ETA   5.7min
  [Minimax(p=6)] 183/200 ( 91.5%)  decorrido   3525s  ritmo  19.3s/partida  ETA   5.5min
  [Minimax(p=6)] 184/200 ( 92.0%)  decorrido   3530s  ritmo  19.2s/partida  ETA   5.1min
  [Minimax(p=6)] 185/200 ( 92.5%)  decorrido   3532s  ritmo  19.1s/partida  ETA   4.8min
  [Minimax(p=6)] 186/200 ( 93.0%)  decorrido   3546s  ritmo  19.1s/partida  ETA   4.4min
  [Minimax(p=6)] 187/200 ( 93.5%)  decorrido   3577s  ritmo  19.1s/partida  ETA   4.1min
  [Minimax(p=6)] 188/200 ( 94.0%)  decorrido   3583s  ritmo  19.1s/partida  ETA   3.8min
  [Minimax(p=6)] 189/200 ( 94.5%)  decorrido   3588s  ritmo  19.0s/partida  ETA   3.5min
  [Minimax(p=6)] 190/200 ( 95.0%)  decorrido   3613s  ritmo  19.0s/partida  ETA   3.2min
  [Minimax(p=6)] 191/200 ( 95.5%)  decorrido   3627s  ritmo  19.0s/partida  ETA   2.8min
  [Minimax(p=6)] 192/200 ( 96.0%)  decorrido   3627s  ritmo  18.9s/partida  ETA   2.5min
  [Minimax(p=6)] 193/200 ( 96.5%)  decorrido   3638s  ritmo  18.8s/partida  ETA   2.2min
  [Minimax(p=6)] 194/200 ( 97.0%)  decorrido   3647s  ritmo  18.8s/partida  ETA   1.9min
  [Minimax(p=6)] 195/200 ( 97.5%)  decorrido   3667s  ritmo  18.8s/partida  ETA   1.6min
  [Minimax(p=6)] 196/200 ( 98.0%)  decorrido   3684s  ritmo  18.8s/partida  ETA   1.3min
  [Minimax(p=6)] 197/200 ( 98.5%)  decorrido   3698s  ritmo  18.8s/partida  ETA   0.9min
  [Minimax(p=6)] 198/200 ( 99.0%)  decorrido   3705s  ritmo  18.7s/partida  ETA   0.6min
  [Minimax(p=6)] 199/200 ( 99.5%)  decorrido   3719s  ritmo  18.7s/partida  ETA   0.3min
  [Minimax(p=6)] 200/200 (100.0%)  decorrido   3721s  ritmo  18.6s/partida  ETA   0.0min
  [checkpoint] gravado: resultados_p06.pkl
--- [3/3] Minimax(p=6) concluído. Total acumulado: 600 partidas em 9370s ---


Coleta concluída em 9370s

Cenário diagnosticado: X3
Cenário misto: 17% das partidas perdidas com divergęncia fatal precoce. Manter plano completo (A?D); calibrar expectativas: Fases A+B+C atacam ~50% do gap, Fase D ataca a outra metade.

Relatório escrito em: C:\desenvolvimento\apps_backup_260429\arena-sagaz\arena-sagaz-backend\tmp_analise\RELATORIO_DIVERGENCIA_ESTRATEGICA.md
CSV escrito em: C:\desenvolvimento\apps_backup_260429\arena-sagaz\arena-sagaz-backend\tmp_analise\divergencias_estrategicas.csv (9606 linhas)
