Estados encontrados: 3 com depth=20 e exatamente 17 arestas livres
  dataset_pequeno_0001.npz idx=2803: 17 arestas livres
  dataset_pequeno_0002.npz idx=2573: 17 arestas livres
  dataset_pequeno_0002.npz idx=4493: 17 arestas livres

Submetendo 6 tarefas (6 workers)...
AVISO: profundidade=17 com 17 movimentos restantes pode levar vários minutos.

  OK: dataset_pequeno_0001.npz idx=2803 p=11 (8s decorridos)
  OK: dataset_pequeno_0002.npz idx=4493 p=11 (12s decorridos)
  OK: dataset_pequeno_0002.npz idx=2573 p=11 (14s decorridos)
  OK: dataset_pequeno_0001.npz idx=2803 p=17 (102s decorridos)
  OK: dataset_pequeno_0002.npz idx=4493 p=17 (110s decorridos)
  OK: dataset_pequeno_0002.npz idx=2573 p=17 (117s decorridos)

Todas as tarefas concluídas em 117.5s

======================================================================
RELATÓRIO TRI-VERIFICADO (A=Databricks/p=20, B=ref/p=17, C=ref/p=11)
======================================================================

------------------------------------------------------------
Arquivo: dataset_pequeno_0001.npz  idx=2803  arestas_livres=17
melhor_jogada NPZ (A): 'H_4_1'
Traços disponíveis: 17

Traco     A (npz/p=20)  B (ref/p=17)  C (ref/p=11)   A=B   A!=C
-----------------------------------------------------------
H_0_1             -4.0          -4.0          -3.0   SIM    SIM
H_0_5             -4.0          -4.0          -3.0   SIM    SIM
V_1_0             -4.0          -4.0          -3.0   SIM    SIM
V_1_4             -6.0          -6.0          -1.0   SIM    SIM
V_1_6             -4.0          -4.0          -3.0   SIM    SIM
H_2_1             -2.0          -2.0          -1.0   SIM    SIM
H_2_3             -6.0          -6.0          -1.0   SIM    SIM
V_3_4             -6.0          -6.0          -1.0   SIM    SIM
V_3_6             -6.0          -6.0          -1.0   SIM    SIM
H_4_1              2.0           2.0           1.0   SIM    SIM
V_5_0             -2.0          -2.0          -1.0   SIM    SIM
V_5_4             -6.0          -6.0          -3.0   SIM    SIM
H_6_3             -6.0          -6.0          -3.0   SIM    SIM
H_6_5             -6.0          -6.0          -3.0   SIM    SIM
V_7_0             -6.0          -6.0          -3.0   SIM    SIM
V_7_2             -6.0          -6.0          -3.0   SIM    SIM
V_7_6             -6.0          -6.0          -3.0   SIM    SIM

A=B  (Databricks correto): 17/17
A!=C (depth>11 importa) : 17/17

Melhor jogada  A(npz)='H_4_1'  B(p=17)=['H_4_1']  C(p=11)=['H_4_1']
  => melhor_jogada correta (A bate B)

------------------------------------------------------------
Arquivo: dataset_pequeno_0002.npz  idx=2573  arestas_livres=17
melhor_jogada NPZ (A): 'V_5_6'
Traços disponíveis: 17

Traco     A (npz/p=20)  B (ref/p=17)  C (ref/p=11)   A=B   A!=C
-----------------------------------------------------------
H_0_5             -8.0          -8.0          -3.0   SIM    SIM
V_1_2            -10.0         -10.0          -4.0   SIM    SIM
V_1_4            -10.0         -10.0          -4.0   SIM    SIM
V_1_6             -8.0          -8.0          -3.0   SIM    SIM
H_2_1            -10.0         -10.0          -4.0   SIM    SIM
H_2_5             -4.0          -4.0          -3.0   SIM    SIM
V_3_0            -10.0         -10.0          -4.0   SIM    SIM
V_3_4            -12.0         -12.0          -6.0   SIM    SIM
V_3_6            -12.0         -12.0          -6.0   SIM    SIM
H_4_3            -12.0         -12.0          -6.0   SIM    SIM
H_4_5            -12.0         -12.0          -6.0   SIM    SIM
V_5_2            -12.0         -12.0          -6.0   SIM    SIM
V_5_6             -4.0          -4.0          -3.0   SIM    SIM
H_6_1            -12.0         -12.0          -6.0   SIM    SIM
H_6_5            -12.0         -12.0          -6.0   SIM    SIM
V_7_2            -12.0         -12.0          -6.0   SIM    SIM
V_7_4            -12.0         -12.0          -6.0   SIM    SIM

A=B  (Databricks correto): 17/17
A!=C (depth>11 importa) : 17/17

Melhor jogada  A(npz)='V_5_6'  B(p=17)=['H_2_5', 'V_5_6']  C(p=11)=['H_0_5', 'V_1_6', 'H_2_5', 'V_5_6']
  => melhor_jogada correta (A bate B)

------------------------------------------------------------
Arquivo: dataset_pequeno_0002.npz  idx=4493  arestas_livres=17
melhor_jogada NPZ (A): 'H_8_1'
Traços disponíveis: 17

Traco     A (npz/p=20)  B (ref/p=17)  C (ref/p=11)   A=B   A!=C
-----------------------------------------------------------
H_0_3             -8.0          -8.0          -2.0   SIM    SIM
V_1_0             -8.0          -8.0          -2.0   SIM    SIM
V_1_6              2.0           2.0           1.0   SIM    SIM
H_2_1             -8.0          -8.0          -2.0   SIM    SIM
H_2_3             -8.0          -8.0          -2.0   SIM    SIM
H_2_5              2.0           2.0           1.0   SIM    SIM
V_3_2             -8.0          -8.0          -2.0   SIM    SIM
V_3_6              4.0           4.0           2.0   SIM    SIM
H_4_5             -8.0          -8.0          -5.0   SIM    SIM
V_5_0              2.0           2.0           2.0   SIM    NAO
V_5_4             -8.0          -8.0          -5.0   SIM    SIM
H_6_1              2.0           2.0           2.0   SIM    NAO
H_6_3             -8.0          -8.0          -5.0   SIM    SIM
V_7_0              4.0           4.0           2.0   SIM    SIM
V_7_4             -8.0          -8.0          -5.0   SIM    SIM
H_8_1              4.0           4.0           2.0   SIM    SIM
H_8_5             -8.0          -8.0          -5.0   SIM    SIM

A=B  (Databricks correto): 17/17
A!=C (depth>11 importa) : 15/17

Melhor jogada  A(npz)='H_8_1'  B(p=17)=['V_3_6', 'V_7_0', 'H_8_1']  C(p=11)=['V_3_6', 'V_5_0', 'H_6_1', 'V_7_0', 'H_8_1']
  => melhor_jogada correta (A bate B)

======================================================================
